2019-12-10 11:06:16,154 INFO [restartedMain] com.csmaxwell.srent.Application [StartupInfoLogger.java : 50] Starting Application on maxwells-MacBook-Pro.local with PID 1361 (/Users/maxwell/IdeaProjects/srent/srent-all/target/classes started by maxwell in /Users/maxwell/IdeaProjects/srent)
2019-12-10 11:06:16,157 DEBUG [restartedMain] com.csmaxwell.srent.Application [StartupInfoLogger.java : 53] Running with Spring Boot v2.0.4.RELEASE, Spring v5.0.8.RELEASE
2019-12-10 11:06:16,157 INFO [restartedMain] com.csmaxwell.srent.Application [SpringApplication.java : 666] The following profiles are active: db,core,admin,wx
2019-12-10 11:06:21,979 DEBUG [restartedMain] c.c.s.d.d.S.selectByExample [BaseJdbcLogger.java : 159] ==>  Preparing: select id, key_name, key_value, add_time, update_time, deleted from srent_system WHERE ( deleted = ? ) 
2019-12-10 11:06:22,003 DEBUG [restartedMain] c.c.s.d.d.S.selectByExample [BaseJdbcLogger.java : 159] ==> Parameters: false(Boolean)
2019-12-10 11:06:22,043 DEBUG [restartedMain] c.c.s.d.d.S.selectByExample [BaseJdbcLogger.java : 159] <==      Total: 22
2019-12-10 11:06:25,842 INFO [restartedMain] com.csmaxwell.srent.Application [StartupInfoLogger.java : 59] Started Application in 30.484 seconds (JVM running for 36.529)
2019-12-10 11:06:41,773 DEBUG [http-nio-8080-exec-2] c.c.s.d.d.S.selectByExample [BaseJdbcLogger.java : 159] ==>  Preparing: select id, username, `password`, last_login_ip, last_login_time, avatar, add_time, update_time, deleted, role_ids from srent_admin WHERE ( username = ? and deleted = ? ) 
2019-12-10 11:06:41,775 DEBUG [http-nio-8080-exec-2] c.c.s.d.d.S.selectByExample [BaseJdbcLogger.java : 159] ==> Parameters: admin123(String), false(Boolean)
2019-12-10 11:06:41,799 DEBUG [http-nio-8080-exec-2] c.c.s.d.d.S.selectByExample [BaseJdbcLogger.java : 159] <==      Total: 1
2019-12-10 11:06:41,929 DEBUG [http-nio-8080-exec-2] c.c.s.d.d.S.updateByPrimaryKeySelective [BaseJdbcLogger.java : 159] ==>  Preparing: update srent_admin SET username = ?, `password` = ?, last_login_ip = ?, last_login_time = ?, avatar = ?, add_time = ?, update_time = ?, deleted = ?, role_ids = ? where id = ? 
2019-12-10 11:06:41,951 DEBUG [http-nio-8080-exec-2] c.c.s.d.d.S.updateByPrimaryKeySelective [BaseJdbcLogger.java : 159] ==> Parameters: admin123(String), $2a$10$.rEfyBb/GURD9P2p0fRg/OAJGloGNDkJS4lY0cQHeqDgsbdTylBpu(String), 0:0:0:0:0:0:0:1(String), 2019-12-10 11:06:41.926(Timestamp), https://wpimg.wallstcn.com/f778738c-e4f8-4870-b634-56703b4acafe.gif(String), 2018-02-01 00:00:00.0(Timestamp), 2019-12-10 11:06:41.926(Timestamp), false(Boolean), [1](String), 1(Integer)
2019-12-10 11:06:41,956 DEBUG [http-nio-8080-exec-2] c.c.s.d.d.S.updateByPrimaryKeySelective [BaseJdbcLogger.java : 159] <==    Updates: 1
2019-12-10 11:06:41,958 DEBUG [http-nio-8080-exec-2] c.c.s.d.d.S.insertSelective [BaseJdbcLogger.java : 159] ==>  Preparing: insert into srent_log ( `admin`, ip, `type`, `action`, `status`, `result`, `comment`, add_time, update_time ) values ( ?, ?, ?, ?, ?, ?, ?, ?, ? ) 
2019-12-10 11:06:41,960 DEBUG [http-nio-8080-exec-2] c.c.s.d.d.S.insertSelective [BaseJdbcLogger.java : 159] ==> Parameters: admin123(String), 0:0:0:0:0:0:0:1(String), 1(Integer), 登录(String), true(Boolean), (String), (String), 2019-12-10 11:06:41.957(Timestamp), 2019-12-10 11:06:41.957(Timestamp)
2019-12-10 11:06:41,965 DEBUG [http-nio-8080-exec-2] c.c.s.d.d.S.insertSelective [BaseJdbcLogger.java : 159] <==    Updates: 1
2019-12-10 11:06:41,966 DEBUG [http-nio-8080-exec-2] c.c.s.d.d.S.insertSelective!selectKey [BaseJdbcLogger.java : 159] ==>  Preparing: SELECT LAST_INSERT_ID() 
2019-12-10 11:06:41,967 DEBUG [http-nio-8080-exec-2] c.c.s.d.d.S.insertSelective!selectKey [BaseJdbcLogger.java : 159] ==> Parameters: 
2019-12-10 11:06:41,968 DEBUG [http-nio-8080-exec-2] c.c.s.d.d.S.insertSelective!selectKey [BaseJdbcLogger.java : 159] <==      Total: 1
2019-12-10 11:06:42,257 DEBUG [http-nio-8080-exec-4] c.c.s.d.d.S.selectByExample [BaseJdbcLogger.java : 159] ==>  Preparing: select id, `name`, `desc`, enabled, add_time, update_time, deleted from srent_role WHERE ( id in ( ? ) and enabled = ? and deleted = ? ) 
2019-12-10 11:06:42,258 DEBUG [http-nio-8080-exec-4] c.c.s.d.d.S.selectByExample [BaseJdbcLogger.java : 159] ==> Parameters: 1(Integer), true(Boolean), false(Boolean)
2019-12-10 11:06:42,261 DEBUG [http-nio-8080-exec-4] c.c.s.d.d.S.selectByExample [BaseJdbcLogger.java : 159] <==      Total: 1
2019-12-10 11:06:42,266 DEBUG [http-nio-8080-exec-4] c.c.s.d.d.S.selectByExample [BaseJdbcLogger.java : 159] ==>  Preparing: select id, role_id, permission, add_time, update_time, deleted from srent_permission WHERE ( role_id in ( ? ) and deleted = ? ) 
2019-12-10 11:06:42,267 DEBUG [http-nio-8080-exec-4] c.c.s.d.d.S.selectByExample [BaseJdbcLogger.java : 159] ==> Parameters: 1(Integer), false(Boolean)
2019-12-10 11:06:42,270 DEBUG [http-nio-8080-exec-4] c.c.s.d.d.S.selectByExample [BaseJdbcLogger.java : 159] <==      Total: 1
2019-12-10 11:06:42,447 DEBUG [http-nio-8080-exec-6] c.c.s.d.d.S.countByExample [BaseJdbcLogger.java : 159] ==>  Preparing: select count(*) from srent_user WHERE ( deleted = ? ) 
2019-12-10 11:06:42,448 DEBUG [http-nio-8080-exec-6] c.c.s.d.d.S.countByExample [BaseJdbcLogger.java : 159] ==> Parameters: false(Boolean)
2019-12-10 11:06:42,453 DEBUG [http-nio-8080-exec-6] c.c.s.d.d.S.countByExample [BaseJdbcLogger.java : 159] <==      Total: 1
2019-12-10 11:06:42,461 DEBUG [http-nio-8080-exec-6] c.c.s.d.d.S.countByExample [BaseJdbcLogger.java : 159] ==>  Preparing: select count(*) from srent_goods WHERE ( deleted = ? ) 
2019-12-10 11:06:42,462 DEBUG [http-nio-8080-exec-6] c.c.s.d.d.S.countByExample [BaseJdbcLogger.java : 159] ==> Parameters: false(Boolean)
2019-12-10 11:06:42,468 DEBUG [http-nio-8080-exec-6] c.c.s.d.d.S.countByExample [BaseJdbcLogger.java : 159] <==      Total: 1
2019-12-10 11:06:42,475 DEBUG [http-nio-8080-exec-6] c.c.s.d.d.S.countByExample [BaseJdbcLogger.java : 159] ==>  Preparing: select count(*) from srent_category WHERE ( deleted = ? ) 
2019-12-10 11:06:42,476 DEBUG [http-nio-8080-exec-6] c.c.s.d.d.S.countByExample [BaseJdbcLogger.java : 159] ==> Parameters: false(Boolean)
2019-12-10 11:06:42,481 DEBUG [http-nio-8080-exec-6] c.c.s.d.d.S.countByExample [BaseJdbcLogger.java : 159] <==      Total: 1
2019-12-10 11:06:42,490 DEBUG [http-nio-8080-exec-6] c.c.s.d.d.S.countByExample [BaseJdbcLogger.java : 159] ==>  Preparing: select count(*) from srent_order WHERE ( deleted = ? ) 
2019-12-10 11:06:42,491 DEBUG [http-nio-8080-exec-6] c.c.s.d.d.S.countByExample [BaseJdbcLogger.java : 159] ==> Parameters: false(Boolean)
2019-12-10 11:06:42,495 DEBUG [http-nio-8080-exec-6] c.c.s.d.d.S.countByExample [BaseJdbcLogger.java : 159] <==      Total: 1
2019-12-10 11:06:46,919 DEBUG [http-nio-8080-exec-8] c.c.s.d.d.S.selectByExample [BaseJdbcLogger.java : 159] ==>  Preparing: select id, `name`, `desc`, enabled, add_time, update_time, deleted from srent_role WHERE ( id in ( ? ) and enabled = ? and deleted = ? ) 
2019-12-10 11:06:46,920 DEBUG [http-nio-8080-exec-8] c.c.s.d.d.S.selectByExample [BaseJdbcLogger.java : 159] ==> Parameters: 1(Integer), true(Boolean), false(Boolean)
2019-12-10 11:06:46,921 DEBUG [http-nio-8080-exec-8] c.c.s.d.d.S.selectByExample [BaseJdbcLogger.java : 159] <==      Total: 1
2019-12-10 11:06:46,923 DEBUG [http-nio-8080-exec-8] c.c.s.d.d.S.selectByExample [BaseJdbcLogger.java : 159] ==>  Preparing: select id, role_id, permission, add_time, update_time, deleted from srent_permission WHERE ( role_id in ( ? ) and deleted = ? ) 
2019-12-10 11:06:46,923 DEBUG [http-nio-8080-exec-8] c.c.s.d.d.S.selectByExample [BaseJdbcLogger.java : 159] ==> Parameters: 1(Integer), false(Boolean)
2019-12-10 11:06:46,924 DEBUG [http-nio-8080-exec-8] c.c.s.d.d.S.selectByExample [BaseJdbcLogger.java : 159] <==      Total: 1
2019-12-10 11:06:46,977 DEBUG [http-nio-8080-exec-8] c.c.s.d.d.S.selectByExample [BaseJdbcLogger.java : 159] ==>  Preparing: select id, `name`, `desc`, enabled, add_time, update_time, deleted from srent_role WHERE ( id in ( ? ) and enabled = ? and deleted = ? ) 
2019-12-10 11:06:46,978 DEBUG [http-nio-8080-exec-8] c.c.s.d.d.S.selectByExample [BaseJdbcLogger.java : 159] ==> Parameters: 1(Integer), true(Boolean), false(Boolean)
2019-12-10 11:06:46,980 DEBUG [http-nio-8080-exec-8] c.c.s.d.d.S.selectByExample [BaseJdbcLogger.java : 159] <==      Total: 1
2019-12-10 11:06:46,982 DEBUG [http-nio-8080-exec-8] c.c.s.d.d.S.selectByExample [BaseJdbcLogger.java : 159] ==>  Preparing: select id, role_id, permission, add_time, update_time, deleted from srent_permission WHERE ( role_id in ( ? ) and deleted = ? ) 
2019-12-10 11:06:46,983 DEBUG [http-nio-8080-exec-8] c.c.s.d.d.S.selectByExample [BaseJdbcLogger.java : 159] ==> Parameters: 1(Integer), false(Boolean)
2019-12-10 11:06:46,985 DEBUG [http-nio-8080-exec-8] c.c.s.d.d.S.selectByExample [BaseJdbcLogger.java : 159] <==      Total: 1
2019-12-10 11:06:47,024 DEBUG [http-nio-8080-exec-8] c.c.s.d.d.S.selectByExample_COUNT [BaseJdbcLogger.java : 159] ==>  Preparing: SELECT count(0) FROM srent_user WHERE (deleted = ?) 
2019-12-10 11:06:47,026 DEBUG [http-nio-8080-exec-8] c.c.s.d.d.S.selectByExample_COUNT [BaseJdbcLogger.java : 159] ==> Parameters: false(Boolean)
2019-12-10 11:06:47,027 DEBUG [http-nio-8080-exec-8] c.c.s.d.d.S.selectByExample_COUNT [BaseJdbcLogger.java : 159] <==      Total: 1
2019-12-10 11:06:47,029 DEBUG [http-nio-8080-exec-8] c.c.s.d.d.S.selectByExample [BaseJdbcLogger.java : 159] ==>  Preparing: select id, username, `password`, gender, last_login_time, last_login_ip, nickname, mobile, avatar, weixin_openid, session_key, `status`, add_time, update_time, deleted from srent_user WHERE ( deleted = ? ) order by add_time desc LIMIT ? 
2019-12-10 11:06:47,030 DEBUG [http-nio-8080-exec-8] c.c.s.d.d.S.selectByExample [BaseJdbcLogger.java : 159] ==> Parameters: false(Boolean), 20(Integer)
2019-12-10 11:06:47,038 DEBUG [http-nio-8080-exec-8] c.c.s.d.d.S.selectByExample [BaseJdbcLogger.java : 159] <==      Total: 11
2019-12-10 11:07:04,229 DEBUG [http-nio-8080-exec-10] c.c.s.d.d.S.selectByExample [BaseJdbcLogger.java : 159] ==>  Preparing: select id, `name`, `desc`, enabled, add_time, update_time, deleted from srent_role WHERE ( id in ( ? ) and enabled = ? and deleted = ? ) 
2019-12-10 11:07:04,230 DEBUG [http-nio-8080-exec-10] c.c.s.d.d.S.selectByExample [BaseJdbcLogger.java : 159] ==> Parameters: 1(Integer), true(Boolean), false(Boolean)
2019-12-10 11:07:04,233 DEBUG [http-nio-8080-exec-10] c.c.s.d.d.S.selectByExample [BaseJdbcLogger.java : 159] <==      Total: 1
2019-12-10 11:07:04,235 DEBUG [http-nio-8080-exec-10] c.c.s.d.d.S.selectByExample [BaseJdbcLogger.java : 159] ==>  Preparing: select id, role_id, permission, add_time, update_time, deleted from srent_permission WHERE ( role_id in ( ? ) and deleted = ? ) 
2019-12-10 11:07:04,236 DEBUG [http-nio-8080-exec-10] c.c.s.d.d.S.selectByExample [BaseJdbcLogger.java : 159] ==> Parameters: 1(Integer), false(Boolean)
2019-12-10 11:07:04,238 DEBUG [http-nio-8080-exec-10] c.c.s.d.d.S.selectByExample [BaseJdbcLogger.java : 159] <==      Total: 1
2019-12-10 11:07:04,253 DEBUG [http-nio-8080-exec-10] c.c.s.d.d.S.selectByExample [BaseJdbcLogger.java : 159] ==>  Preparing: select id, `name`, `desc`, enabled, add_time, update_time, deleted from srent_role WHERE ( id in ( ? ) and enabled = ? and deleted = ? ) 
2019-12-10 11:07:04,254 DEBUG [http-nio-8080-exec-10] c.c.s.d.d.S.selectByExample [BaseJdbcLogger.java : 159] ==> Parameters: 1(Integer), true(Boolean), false(Boolean)
2019-12-10 11:07:04,255 DEBUG [http-nio-8080-exec-10] c.c.s.d.d.S.selectByExample [BaseJdbcLogger.java : 159] <==      Total: 1
2019-12-10 11:07:04,257 DEBUG [http-nio-8080-exec-10] c.c.s.d.d.S.selectByExample [BaseJdbcLogger.java : 159] ==>  Preparing: select id, role_id, permission, add_time, update_time, deleted from srent_permission WHERE ( role_id in ( ? ) and deleted = ? ) 
2019-12-10 11:07:04,257 DEBUG [http-nio-8080-exec-10] c.c.s.d.d.S.selectByExample [BaseJdbcLogger.java : 159] ==> Parameters: 1(Integer), false(Boolean)
2019-12-10 11:07:04,259 DEBUG [http-nio-8080-exec-10] c.c.s.d.d.S.selectByExample [BaseJdbcLogger.java : 159] <==      Total: 1
2019-12-10 11:07:04,270 DEBUG [http-nio-8080-exec-10] c.c.s.d.d.S.selectByExample_COUNT [BaseJdbcLogger.java : 159] ==>  Preparing: SELECT count(0) FROM srent_address WHERE (deleted = ?) 
2019-12-10 11:07:04,271 DEBUG [http-nio-8080-exec-10] c.c.s.d.d.S.selectByExample_COUNT [BaseJdbcLogger.java : 159] ==> Parameters: false(Boolean)
2019-12-10 11:07:04,274 DEBUG [http-nio-8080-exec-10] c.c.s.d.d.S.selectByExample_COUNT [BaseJdbcLogger.java : 159] <==      Total: 1
2019-12-10 11:07:04,275 DEBUG [http-nio-8080-exec-10] c.c.s.d.d.S.selectByExample [BaseJdbcLogger.java : 159] ==>  Preparing: select id, username, user_id, province, city, county, address_detail, area_code, postal_code, tel, is_default, add_time, update_time, deleted from srent_address WHERE ( deleted = ? ) order by add_time desc LIMIT ? 
2019-12-10 11:07:04,276 DEBUG [http-nio-8080-exec-10] c.c.s.d.d.S.selectByExample [BaseJdbcLogger.java : 159] ==> Parameters: false(Boolean), 20(Integer)
2019-12-10 11:07:04,277 DEBUG [http-nio-8080-exec-10] c.c.s.d.d.S.selectByExample [BaseJdbcLogger.java : 159] <==      Total: 1
2019-12-10 21:39:46,081 INFO [restartedMain] com.csmaxwell.srent.Application [StartupInfoLogger.java : 50] Starting Application on maxwells-MacBook-Pro.local with PID 3165 (/Users/maxwell/IdeaProjects/srent/srent-all/target/classes started by maxwell in /Users/maxwell/IdeaProjects/srent)
2019-12-10 21:39:46,084 DEBUG [restartedMain] com.csmaxwell.srent.Application [StartupInfoLogger.java : 53] Running with Spring Boot v2.0.4.RELEASE, Spring v5.0.8.RELEASE
2019-12-10 21:39:46,084 INFO [restartedMain] com.csmaxwell.srent.Application [SpringApplication.java : 666] The following profiles are active: db,core,admin,wx
2019-12-10 21:39:51,399 DEBUG [restartedMain] c.c.s.d.d.S.selectByExample [BaseJdbcLogger.java : 159] ==>  Preparing: select id, key_name, key_value, add_time, update_time, deleted from srent_system WHERE ( deleted = ? ) 
2019-12-10 21:39:51,432 DEBUG [restartedMain] c.c.s.d.d.S.selectByExample [BaseJdbcLogger.java : 159] ==> Parameters: false(Boolean)
2019-12-10 21:39:51,472 DEBUG [restartedMain] c.c.s.d.d.S.selectByExample [BaseJdbcLogger.java : 159] <==      Total: 22
2019-12-10 21:39:55,757 INFO [restartedMain] com.csmaxwell.srent.Application [StartupInfoLogger.java : 59] Started Application in 30.424 seconds (JVM running for 36.492)
2019-12-10 21:40:04,273 DEBUG [pool-4-thread-2] c.c.s.d.d.S.selectByExampleSelective [BaseJdbcLogger.java : 159] ==>  Preparing: select id , `name` , icon_url from srent_category WHERE ( `level` = ? and deleted = ? ) 
2019-12-10 21:40:04,275 DEBUG [pool-4-thread-2] c.c.s.d.d.S.selectByExampleSelective [BaseJdbcLogger.java : 159] ==> Parameters: L1(String), false(Boolean)
2019-12-10 21:40:04,281 DEBUG [pool-4-thread-2] c.c.s.d.d.S.selectByExampleSelective [BaseJdbcLogger.java : 159] <==      Total: 4
2019-12-10 21:40:04,581 DEBUG [pool-4-thread-1] c.c.s.d.d.S.selectByExampleSelective_COUNT [BaseJdbcLogger.java : 159] ==>  Preparing: SELECT count(0) FROM srent_goods WHERE (deleted = ?) 
2019-12-10 21:40:04,582 DEBUG [pool-4-thread-1] c.c.s.d.d.S.selectByExampleSelective_COUNT [BaseJdbcLogger.java : 159] ==> Parameters: false(Boolean)
2019-12-10 21:40:04,589 DEBUG [pool-4-thread-1] c.c.s.d.d.S.selectByExampleSelective_COUNT [BaseJdbcLogger.java : 159] <==      Total: 1
2019-12-10 21:40:04,591 DEBUG [pool-4-thread-1] c.c.s.d.d.S.selectByExampleSelective [BaseJdbcLogger.java : 159] ==>  Preparing: select id , `name` , gallery , rent_price , user_id , deposit from srent_goods WHERE ( deleted = ? ) order by add_time desc LIMIT ? 
2019-12-10 21:40:04,592 DEBUG [pool-4-thread-1] c.c.s.d.d.S.selectByExampleSelective [BaseJdbcLogger.java : 159] ==> Parameters: false(Boolean), 10(Integer)
2019-12-10 21:40:04,602 DEBUG [pool-4-thread-1] c.c.s.d.d.S.selectByExampleSelective [BaseJdbcLogger.java : 159] <==      Total: 10
2019-12-10 21:40:11,371 DEBUG [pool-5-thread-2] c.c.s.d.d.S.selectByExampleSelective [BaseJdbcLogger.java : 159] ==>  Preparing: select id , `name` , icon_url from srent_category WHERE ( `level` = ? and deleted = ? ) 
2019-12-10 21:40:11,372 DEBUG [pool-5-thread-2] c.c.s.d.d.S.selectByExampleSelective [BaseJdbcLogger.java : 159] ==> Parameters: L1(String), false(Boolean)
2019-12-10 21:40:11,374 DEBUG [pool-5-thread-2] c.c.s.d.d.S.selectByExampleSelective [BaseJdbcLogger.java : 159] <==      Total: 4
2019-12-10 21:40:11,375 DEBUG [pool-5-thread-1] c.c.s.d.d.S.selectByExampleSelective_COUNT [BaseJdbcLogger.java : 159] ==>  Preparing: SELECT count(0) FROM srent_goods WHERE (deleted = ?) 
2019-12-10 21:40:11,376 DEBUG [pool-5-thread-1] c.c.s.d.d.S.selectByExampleSelective_COUNT [BaseJdbcLogger.java : 159] ==> Parameters: false(Boolean)
2019-12-10 21:40:11,377 DEBUG [pool-5-thread-1] c.c.s.d.d.S.selectByExampleSelective_COUNT [BaseJdbcLogger.java : 159] <==      Total: 1
2019-12-10 21:40:11,379 DEBUG [pool-5-thread-1] c.c.s.d.d.S.selectByExampleSelective [BaseJdbcLogger.java : 159] ==>  Preparing: select id , `name` , gallery , rent_price , user_id , deposit from srent_goods WHERE ( deleted = ? ) order by add_time desc LIMIT ? 
2019-12-10 21:40:11,380 DEBUG [pool-5-thread-1] c.c.s.d.d.S.selectByExampleSelective [BaseJdbcLogger.java : 159] ==> Parameters: false(Boolean), 10(Integer)
2019-12-10 21:40:11,387 DEBUG [pool-5-thread-1] c.c.s.d.d.S.selectByExampleSelective [BaseJdbcLogger.java : 159] <==      Total: 10
2019-12-10 21:40:17,841 DEBUG [pool-6-thread-2] c.c.s.d.d.S.selectByExampleSelective [BaseJdbcLogger.java : 159] ==>  Preparing: select id , `name` , icon_url from srent_category WHERE ( `level` = ? and deleted = ? ) 
2019-12-10 21:40:17,843 DEBUG [pool-6-thread-2] c.c.s.d.d.S.selectByExampleSelective [BaseJdbcLogger.java : 159] ==> Parameters: L1(String), false(Boolean)
2019-12-10 21:40:17,847 DEBUG [pool-6-thread-1] c.c.s.d.d.S.selectByExampleSelective_COUNT [BaseJdbcLogger.java : 159] ==>  Preparing: SELECT count(0) FROM srent_goods WHERE (deleted = ?) 
2019-12-10 21:40:17,848 DEBUG [pool-6-thread-2] c.c.s.d.d.S.selectByExampleSelective [BaseJdbcLogger.java : 159] <==      Total: 4
2019-12-10 21:40:17,848 DEBUG [pool-6-thread-1] c.c.s.d.d.S.selectByExampleSelective_COUNT [BaseJdbcLogger.java : 159] ==> Parameters: false(Boolean)
2019-12-10 21:40:17,850 DEBUG [pool-6-thread-1] c.c.s.d.d.S.selectByExampleSelective_COUNT [BaseJdbcLogger.java : 159] <==      Total: 1
2019-12-10 21:40:17,851 DEBUG [pool-6-thread-1] c.c.s.d.d.S.selectByExampleSelective [BaseJdbcLogger.java : 159] ==>  Preparing: select id , `name` , gallery , rent_price , user_id , deposit from srent_goods WHERE ( deleted = ? ) order by add_time desc LIMIT ? 
2019-12-10 21:40:17,852 DEBUG [pool-6-thread-1] c.c.s.d.d.S.selectByExampleSelective [BaseJdbcLogger.java : 159] ==> Parameters: false(Boolean), 10(Integer)
2019-12-10 21:40:17,857 DEBUG [pool-6-thread-1] c.c.s.d.d.S.selectByExampleSelective [BaseJdbcLogger.java : 159] <==      Total: 10
2019-12-10 21:40:41,509 DEBUG [http-nio-8080-exec-5] c.c.s.d.d.S.selectByExample [BaseJdbcLogger.java : 159] ==>  Preparing: select id, username, `password`, last_login_ip, last_login_time, avatar, add_time, update_time, deleted, role_ids from srent_admin WHERE ( username = ? and deleted = ? ) 
2019-12-10 21:40:41,511 DEBUG [http-nio-8080-exec-5] c.c.s.d.d.S.selectByExample [BaseJdbcLogger.java : 159] ==> Parameters: admin123(String), false(Boolean)
2019-12-10 21:40:41,533 DEBUG [http-nio-8080-exec-5] c.c.s.d.d.S.selectByExample [BaseJdbcLogger.java : 159] <==      Total: 1
2019-12-10 21:40:41,674 DEBUG [http-nio-8080-exec-5] c.c.s.d.d.S.updateByPrimaryKeySelective [BaseJdbcLogger.java : 159] ==>  Preparing: update srent_admin SET username = ?, `password` = ?, last_login_ip = ?, last_login_time = ?, avatar = ?, add_time = ?, update_time = ?, deleted = ?, role_ids = ? where id = ? 
2019-12-10 21:40:41,687 DEBUG [http-nio-8080-exec-5] c.c.s.d.d.S.updateByPrimaryKeySelective [BaseJdbcLogger.java : 159] ==> Parameters: admin123(String), $2a$10$.rEfyBb/GURD9P2p0fRg/OAJGloGNDkJS4lY0cQHeqDgsbdTylBpu(String), 0:0:0:0:0:0:0:1(String), 2019-12-10 21:40:41.672(Timestamp), https://wpimg.wallstcn.com/f778738c-e4f8-4870-b634-56703b4acafe.gif(String), 2018-02-01 00:00:00.0(Timestamp), 2019-12-10 21:40:41.672(Timestamp), false(Boolean), [1](String), 1(Integer)
2019-12-10 21:40:41,694 DEBUG [http-nio-8080-exec-5] c.c.s.d.d.S.updateByPrimaryKeySelective [BaseJdbcLogger.java : 159] <==    Updates: 1
2019-12-10 21:40:41,697 DEBUG [http-nio-8080-exec-5] c.c.s.d.d.S.insertSelective [BaseJdbcLogger.java : 159] ==>  Preparing: insert into srent_log ( `admin`, ip, `type`, `action`, `status`, `result`, `comment`, add_time, update_time ) values ( ?, ?, ?, ?, ?, ?, ?, ?, ? ) 
2019-12-10 21:40:41,698 DEBUG [http-nio-8080-exec-5] c.c.s.d.d.S.insertSelective [BaseJdbcLogger.java : 159] ==> Parameters: admin123(String), 0:0:0:0:0:0:0:1(String), 1(Integer), 登录(String), true(Boolean), (String), (String), 2019-12-10 21:40:41.695(Timestamp), 2019-12-10 21:40:41.695(Timestamp)
2019-12-10 21:40:41,703 DEBUG [http-nio-8080-exec-5] c.c.s.d.d.S.insertSelective [BaseJdbcLogger.java : 159] <==    Updates: 1
2019-12-10 21:40:41,704 DEBUG [http-nio-8080-exec-5] c.c.s.d.d.S.insertSelective!selectKey [BaseJdbcLogger.java : 159] ==>  Preparing: SELECT LAST_INSERT_ID() 
2019-12-10 21:40:41,705 DEBUG [http-nio-8080-exec-5] c.c.s.d.d.S.insertSelective!selectKey [BaseJdbcLogger.java : 159] ==> Parameters: 
2019-12-10 21:40:41,707 DEBUG [http-nio-8080-exec-5] c.c.s.d.d.S.insertSelective!selectKey [BaseJdbcLogger.java : 159] <==      Total: 1
2019-12-10 21:40:41,746 DEBUG [http-nio-8080-exec-7] c.c.s.d.d.S.selectByExample [BaseJdbcLogger.java : 159] ==>  Preparing: select id, `name`, `desc`, enabled, add_time, update_time, deleted from srent_role WHERE ( id in ( ? ) and enabled = ? and deleted = ? ) 
2019-12-10 21:40:41,748 DEBUG [http-nio-8080-exec-7] c.c.s.d.d.S.selectByExample [BaseJdbcLogger.java : 159] ==> Parameters: 1(Integer), true(Boolean), false(Boolean)
2019-12-10 21:40:41,753 DEBUG [http-nio-8080-exec-7] c.c.s.d.d.S.selectByExample [BaseJdbcLogger.java : 159] <==      Total: 1
2019-12-10 21:40:41,760 DEBUG [http-nio-8080-exec-7] c.c.s.d.d.S.selectByExample [BaseJdbcLogger.java : 159] ==>  Preparing: select id, role_id, permission, add_time, update_time, deleted from srent_permission WHERE ( role_id in ( ? ) and deleted = ? ) 
2019-12-10 21:40:41,763 DEBUG [http-nio-8080-exec-7] c.c.s.d.d.S.selectByExample [BaseJdbcLogger.java : 159] ==> Parameters: 1(Integer), false(Boolean)
2019-12-10 21:40:41,768 DEBUG [http-nio-8080-exec-7] c.c.s.d.d.S.selectByExample [BaseJdbcLogger.java : 159] <==      Total: 1
2019-12-10 21:40:41,955 DEBUG [http-nio-8080-exec-9] c.c.s.d.d.S.countByExample [BaseJdbcLogger.java : 159] ==>  Preparing: select count(*) from srent_user WHERE ( deleted = ? ) 
2019-12-10 21:40:41,955 DEBUG [http-nio-8080-exec-9] c.c.s.d.d.S.countByExample [BaseJdbcLogger.java : 159] ==> Parameters: false(Boolean)
2019-12-10 21:40:41,960 DEBUG [http-nio-8080-exec-9] c.c.s.d.d.S.countByExample [BaseJdbcLogger.java : 159] <==      Total: 1
2019-12-10 21:40:41,963 DEBUG [http-nio-8080-exec-9] c.c.s.d.d.S.countByExample [BaseJdbcLogger.java : 159] ==>  Preparing: select count(*) from srent_goods WHERE ( deleted = ? ) 
2019-12-10 21:40:41,965 DEBUG [http-nio-8080-exec-9] c.c.s.d.d.S.countByExample [BaseJdbcLogger.java : 159] ==> Parameters: false(Boolean)
2019-12-10 21:40:41,967 DEBUG [http-nio-8080-exec-9] c.c.s.d.d.S.countByExample [BaseJdbcLogger.java : 159] <==      Total: 1
2019-12-10 21:40:41,969 DEBUG [http-nio-8080-exec-9] c.c.s.d.d.S.countByExample [BaseJdbcLogger.java : 159] ==>  Preparing: select count(*) from srent_category WHERE ( deleted = ? ) 
2019-12-10 21:40:41,970 DEBUG [http-nio-8080-exec-9] c.c.s.d.d.S.countByExample [BaseJdbcLogger.java : 159] ==> Parameters: false(Boolean)
2019-12-10 21:40:41,971 DEBUG [http-nio-8080-exec-9] c.c.s.d.d.S.countByExample [BaseJdbcLogger.java : 159] <==      Total: 1
2019-12-10 21:40:41,983 DEBUG [http-nio-8080-exec-9] c.c.s.d.d.S.countByExample [BaseJdbcLogger.java : 159] ==>  Preparing: select count(*) from srent_order WHERE ( deleted = ? ) 
2019-12-10 21:40:41,984 DEBUG [http-nio-8080-exec-9] c.c.s.d.d.S.countByExample [BaseJdbcLogger.java : 159] ==> Parameters: false(Boolean)
2019-12-10 21:40:41,988 DEBUG [http-nio-8080-exec-9] c.c.s.d.d.S.countByExample [BaseJdbcLogger.java : 159] <==      Total: 1
2019-12-10 21:41:11,966 DEBUG [pool-7-thread-2] c.c.s.d.d.S.selectByExampleSelective [BaseJdbcLogger.java : 159] ==>  Preparing: select id , `name` , icon_url from srent_category WHERE ( `level` = ? and deleted = ? ) 
2019-12-10 21:41:11,966 DEBUG [pool-7-thread-2] c.c.s.d.d.S.selectByExampleSelective [BaseJdbcLogger.java : 159] ==> Parameters: L1(String), false(Boolean)
2019-12-10 21:41:11,967 DEBUG [pool-7-thread-1] c.c.s.d.d.S.selectByExampleSelective_COUNT [BaseJdbcLogger.java : 159] ==>  Preparing: SELECT count(0) FROM srent_goods WHERE (deleted = ?) 
2019-12-10 21:41:11,967 DEBUG [pool-7-thread-1] c.c.s.d.d.S.selectByExampleSelective_COUNT [BaseJdbcLogger.java : 159] ==> Parameters: false(Boolean)
2019-12-10 21:41:11,968 DEBUG [pool-7-thread-1] c.c.s.d.d.S.selectByExampleSelective_COUNT [BaseJdbcLogger.java : 159] <==      Total: 1
2019-12-10 21:41:11,969 DEBUG [pool-7-thread-2] c.c.s.d.d.S.selectByExampleSelective [BaseJdbcLogger.java : 159] <==      Total: 4
2019-12-10 21:41:11,970 DEBUG [pool-7-thread-1] c.c.s.d.d.S.selectByExampleSelective [BaseJdbcLogger.java : 159] ==>  Preparing: select id , `name` , gallery , rent_price , user_id , deposit from srent_goods WHERE ( deleted = ? ) order by add_time desc LIMIT ? 
2019-12-10 21:41:11,970 DEBUG [pool-7-thread-1] c.c.s.d.d.S.selectByExampleSelective [BaseJdbcLogger.java : 159] ==> Parameters: false(Boolean), 10(Integer)
2019-12-10 21:41:11,973 DEBUG [pool-7-thread-1] c.c.s.d.d.S.selectByExampleSelective [BaseJdbcLogger.java : 159] <==      Total: 10
2019-12-10 21:58:51,615 DEBUG [pool-8-thread-1] c.c.s.d.d.S.selectByExampleSelective_COUNT [BaseJdbcLogger.java : 159] ==>  Preparing: SELECT count(0) FROM srent_goods WHERE (deleted = ?) 
2019-12-10 21:58:51,615 DEBUG [pool-8-thread-2] c.c.s.d.d.S.selectByExampleSelective [BaseJdbcLogger.java : 159] ==>  Preparing: select id , `name` , icon_url from srent_category WHERE ( `level` = ? and deleted = ? ) 
2019-12-10 21:58:51,616 DEBUG [pool-8-thread-1] c.c.s.d.d.S.selectByExampleSelective_COUNT [BaseJdbcLogger.java : 159] ==> Parameters: false(Boolean)
2019-12-10 21:58:51,616 DEBUG [pool-8-thread-2] c.c.s.d.d.S.selectByExampleSelective [BaseJdbcLogger.java : 159] ==> Parameters: L1(String), false(Boolean)
2019-12-10 21:58:51,617 DEBUG [pool-8-thread-1] c.c.s.d.d.S.selectByExampleSelective_COUNT [BaseJdbcLogger.java : 159] <==      Total: 1
2019-12-10 21:58:51,618 DEBUG [pool-8-thread-2] c.c.s.d.d.S.selectByExampleSelective [BaseJdbcLogger.java : 159] <==      Total: 4
2019-12-10 21:58:51,618 DEBUG [pool-8-thread-1] c.c.s.d.d.S.selectByExampleSelective [BaseJdbcLogger.java : 159] ==>  Preparing: select id , `name` , gallery , rent_price , user_id , deposit from srent_goods WHERE ( deleted = ? ) order by add_time desc LIMIT ? 
2019-12-10 21:58:51,619 DEBUG [pool-8-thread-1] c.c.s.d.d.S.selectByExampleSelective [BaseJdbcLogger.java : 159] ==> Parameters: false(Boolean), 10(Integer)
2019-12-10 21:58:51,622 DEBUG [pool-8-thread-1] c.c.s.d.d.S.selectByExampleSelective [BaseJdbcLogger.java : 159] <==      Total: 10
2019-12-10 21:58:57,507 DEBUG [pool-9-thread-2] c.c.s.d.d.S.selectByExampleSelective [BaseJdbcLogger.java : 159] ==>  Preparing: select id , `name` , icon_url from srent_category WHERE ( `level` = ? and deleted = ? ) 
2019-12-10 21:58:57,508 DEBUG [pool-9-thread-2] c.c.s.d.d.S.selectByExampleSelective [BaseJdbcLogger.java : 159] ==> Parameters: L1(String), false(Boolean)
2019-12-10 21:58:57,508 DEBUG [pool-9-thread-1] c.c.s.d.d.S.selectByExampleSelective_COUNT [BaseJdbcLogger.java : 159] ==>  Preparing: SELECT count(0) FROM srent_goods WHERE (deleted = ?) 
2019-12-10 21:58:57,509 DEBUG [pool-9-thread-1] c.c.s.d.d.S.selectByExampleSelective_COUNT [BaseJdbcLogger.java : 159] ==> Parameters: false(Boolean)
2019-12-10 21:58:57,510 DEBUG [pool-9-thread-2] c.c.s.d.d.S.selectByExampleSelective [BaseJdbcLogger.java : 159] <==      Total: 4
2019-12-10 21:58:57,510 DEBUG [pool-9-thread-1] c.c.s.d.d.S.selectByExampleSelective_COUNT [BaseJdbcLogger.java : 159] <==      Total: 1
2019-12-10 21:58:57,511 DEBUG [pool-9-thread-1] c.c.s.d.d.S.selectByExampleSelective [BaseJdbcLogger.java : 159] ==>  Preparing: select id , `name` , gallery , rent_price , user_id , deposit from srent_goods WHERE ( deleted = ? ) order by add_time desc LIMIT ? 
2019-12-10 21:58:57,512 DEBUG [pool-9-thread-1] c.c.s.d.d.S.selectByExampleSelective [BaseJdbcLogger.java : 159] ==> Parameters: false(Boolean), 10(Integer)
2019-12-10 21:58:57,515 DEBUG [pool-9-thread-1] c.c.s.d.d.S.selectByExampleSelective [BaseJdbcLogger.java : 159] <==      Total: 10
2019-12-10 22:03:43,567 DEBUG [http-nio-8080-exec-6] c.c.s.d.d.S.selectOneByExampleWithBLOBs [BaseJdbcLogger.java : 159] ==>  Preparing: select id, goods_sn, user_id, rent_price, deposit, `name`, category_id, keywords, gallery, sort_order, add_time, update_time, order_id, rented, deleted , `desc` from srent_goods WHERE ( id = ? and deleted = ? ) limit 1 
2019-12-10 22:03:43,568 DEBUG [http-nio-8080-exec-6] c.c.s.d.d.S.selectOneByExampleWithBLOBs [BaseJdbcLogger.java : 159] ==> Parameters: 89(Integer), false(Boolean)
2019-12-10 22:03:43,573 DEBUG [http-nio-8080-exec-6] c.c.s.d.d.S.selectOneByExampleWithBLOBs [BaseJdbcLogger.java : 159] <==      Total: 1
2019-12-10 22:03:43,574 DEBUG [http-nio-8080-exec-6] c.c.s.d.d.S.selectByPrimaryKey [BaseJdbcLogger.java : 159] ==>  Preparing: select id, username, `password`, gender, last_login_time, last_login_ip, nickname, mobile, avatar, weixin_openid, session_key, `status`, add_time, update_time, deleted from srent_user where id = ? 
2019-12-10 22:03:43,575 DEBUG [http-nio-8080-exec-6] c.c.s.d.d.S.selectByPrimaryKey [BaseJdbcLogger.java : 159] ==> Parameters: 3(Integer)
2019-12-10 22:03:43,577 DEBUG [http-nio-8080-exec-6] c.c.s.d.d.S.selectByPrimaryKey [BaseJdbcLogger.java : 159] <==      Total: 1
2019-12-10 22:08:48,562 DEBUG [http-nio-8080-exec-9] c.c.s.d.d.S.selectByExample [BaseJdbcLogger.java : 159] ==>  Preparing: select id, username, `password`, gender, last_login_time, last_login_ip, nickname, mobile, avatar, weixin_openid, session_key, `status`, add_time, update_time, deleted from srent_user WHERE ( username = ? and deleted = ? ) 
2019-12-10 22:08:48,563 DEBUG [http-nio-8080-exec-9] c.c.s.d.d.S.selectByExample [BaseJdbcLogger.java : 159] ==> Parameters: 123456(String), false(Boolean)
2019-12-10 22:08:48,566 DEBUG [http-nio-8080-exec-9] c.c.s.d.d.S.selectByExample [BaseJdbcLogger.java : 159] <==      Total: 1
2019-12-10 22:08:50,900 DEBUG [pool-10-thread-2] c.c.s.d.d.S.selectByExampleSelective [BaseJdbcLogger.java : 159] ==>  Preparing: select id , `name` , icon_url from srent_category WHERE ( `level` = ? and deleted = ? ) 
2019-12-10 22:08:50,901 DEBUG [pool-10-thread-2] c.c.s.d.d.S.selectByExampleSelective [BaseJdbcLogger.java : 159] ==> Parameters: L1(String), false(Boolean)
2019-12-10 22:08:50,901 DEBUG [pool-10-thread-1] c.c.s.d.d.S.selectByExampleSelective_COUNT [BaseJdbcLogger.java : 159] ==>  Preparing: SELECT count(0) FROM srent_goods WHERE (deleted = ?) 
2019-12-10 22:08:50,902 DEBUG [pool-10-thread-1] c.c.s.d.d.S.selectByExampleSelective_COUNT [BaseJdbcLogger.java : 159] ==> Parameters: false(Boolean)
2019-12-10 22:08:50,902 DEBUG [pool-10-thread-2] c.c.s.d.d.S.selectByExampleSelective [BaseJdbcLogger.java : 159] <==      Total: 4
2019-12-10 22:08:50,903 DEBUG [pool-10-thread-1] c.c.s.d.d.S.selectByExampleSelective_COUNT [BaseJdbcLogger.java : 159] <==      Total: 1
2019-12-10 22:08:50,904 DEBUG [pool-10-thread-1] c.c.s.d.d.S.selectByExampleSelective [BaseJdbcLogger.java : 159] ==>  Preparing: select id , `name` , gallery , rent_price , user_id , deposit from srent_goods WHERE ( deleted = ? ) order by add_time desc LIMIT ? 
2019-12-10 22:08:50,904 DEBUG [pool-10-thread-1] c.c.s.d.d.S.selectByExampleSelective [BaseJdbcLogger.java : 159] ==> Parameters: false(Boolean), 10(Integer)
2019-12-10 22:08:50,907 DEBUG [pool-10-thread-1] c.c.s.d.d.S.selectByExampleSelective [BaseJdbcLogger.java : 159] <==      Total: 10
2019-12-10 22:08:53,284 DEBUG [pool-11-thread-2] c.c.s.d.d.S.selectByExampleSelective [BaseJdbcLogger.java : 159] ==>  Preparing: select id , `name` , icon_url from srent_category WHERE ( `level` = ? and deleted = ? ) 
2019-12-10 22:08:53,285 DEBUG [pool-11-thread-1] c.c.s.d.d.S.selectByExampleSelective_COUNT [BaseJdbcLogger.java : 159] ==>  Preparing: SELECT count(0) FROM srent_goods WHERE (deleted = ?) 
2019-12-10 22:08:53,285 DEBUG [pool-11-thread-2] c.c.s.d.d.S.selectByExampleSelective [BaseJdbcLogger.java : 159] ==> Parameters: L1(String), false(Boolean)
2019-12-10 22:08:53,285 DEBUG [pool-11-thread-1] c.c.s.d.d.S.selectByExampleSelective_COUNT [BaseJdbcLogger.java : 159] ==> Parameters: false(Boolean)
2019-12-10 22:08:53,286 DEBUG [pool-11-thread-1] c.c.s.d.d.S.selectByExampleSelective_COUNT [BaseJdbcLogger.java : 159] <==      Total: 1
2019-12-10 22:08:53,286 DEBUG [pool-11-thread-2] c.c.s.d.d.S.selectByExampleSelective [BaseJdbcLogger.java : 159] <==      Total: 4
2019-12-10 22:08:53,287 DEBUG [pool-11-thread-1] c.c.s.d.d.S.selectByExampleSelective [BaseJdbcLogger.java : 159] ==>  Preparing: select id , `name` , gallery , rent_price , user_id , deposit from srent_goods WHERE ( deleted = ? ) order by add_time desc LIMIT ? 
2019-12-10 22:08:53,287 DEBUG [pool-11-thread-1] c.c.s.d.d.S.selectByExampleSelective [BaseJdbcLogger.java : 159] ==> Parameters: false(Boolean), 10(Integer)
2019-12-10 22:08:53,289 DEBUG [pool-11-thread-1] c.c.s.d.d.S.selectByExampleSelective [BaseJdbcLogger.java : 159] <==      Total: 10
2019-12-10 22:08:54,568 DEBUG [http-nio-8080-exec-2] c.c.s.d.d.S.selectOneByExampleWithBLOBs [BaseJdbcLogger.java : 159] ==>  Preparing: select id, goods_sn, user_id, rent_price, deposit, `name`, category_id, keywords, gallery, sort_order, add_time, update_time, order_id, rented, deleted , `desc` from srent_goods WHERE ( id = ? and deleted = ? ) limit 1 
2019-12-10 22:08:54,569 DEBUG [http-nio-8080-exec-2] c.c.s.d.d.S.selectOneByExampleWithBLOBs [BaseJdbcLogger.java : 159] ==> Parameters: 89(Integer), false(Boolean)
2019-12-10 22:08:54,571 DEBUG [http-nio-8080-exec-2] c.c.s.d.d.S.selectOneByExampleWithBLOBs [BaseJdbcLogger.java : 159] <==      Total: 1
2019-12-10 22:08:54,572 DEBUG [http-nio-8080-exec-2] c.c.s.d.d.S.selectByPrimaryKey [BaseJdbcLogger.java : 159] ==>  Preparing: select id, username, `password`, gender, last_login_time, last_login_ip, nickname, mobile, avatar, weixin_openid, session_key, `status`, add_time, update_time, deleted from srent_user where id = ? 
2019-12-10 22:08:54,573 DEBUG [http-nio-8080-exec-2] c.c.s.d.d.S.selectByPrimaryKey [BaseJdbcLogger.java : 159] ==> Parameters: 3(Integer)
2019-12-10 22:08:54,575 DEBUG [http-nio-8080-exec-2] c.c.s.d.d.S.selectByPrimaryKey [BaseJdbcLogger.java : 159] <==      Total: 1
2019-12-10 22:08:54,582 DEBUG [http-nio-8080-exec-2] c.c.s.d.d.S.countByExample [BaseJdbcLogger.java : 159] ==>  Preparing: select count(*) from srent_collect WHERE ( user_id = ? and value_id = ? and deleted = ? ) 
2019-12-10 22:08:54,583 DEBUG [http-nio-8080-exec-2] c.c.s.d.d.S.countByExample [BaseJdbcLogger.java : 159] ==> Parameters: 5(Integer), 89(Integer), false(Boolean)
2019-12-10 22:08:54,589 DEBUG [http-nio-8080-exec-2] c.c.s.d.d.S.countByExample [BaseJdbcLogger.java : 159] <==      Total: 1
2019-12-10 22:08:54,591 DEBUG [pool-2-thread-1] c.c.s.d.d.S.insertSelective [BaseJdbcLogger.java : 159] ==>  Preparing: insert into srent_footprint ( user_id, goods_id, add_time, update_time ) values ( ?, ?, ?, ? ) 
2019-12-10 22:08:54,593 DEBUG [pool-2-thread-1] c.c.s.d.d.S.insertSelective [BaseJdbcLogger.java : 159] ==> Parameters: 5(Integer), 89(Integer), 2019-12-10 22:08:54.591(Timestamp), 2019-12-10 22:08:54.591(Timestamp)
2019-12-10 22:08:54,598 DEBUG [pool-2-thread-1] c.c.s.d.d.S.insertSelective [BaseJdbcLogger.java : 159] <==    Updates: 1
2019-12-10 22:08:54,599 DEBUG [pool-2-thread-1] c.c.s.d.d.S.insertSelective!selectKey [BaseJdbcLogger.java : 159] ==>  Preparing: SELECT LAST_INSERT_ID() 
2019-12-10 22:08:54,599 DEBUG [pool-2-thread-1] c.c.s.d.d.S.insertSelective!selectKey [BaseJdbcLogger.java : 159] ==> Parameters: 
2019-12-10 22:08:54,600 DEBUG [pool-2-thread-1] c.c.s.d.d.S.insertSelective!selectKey [BaseJdbcLogger.java : 159] <==      Total: 1
2019-12-10 22:08:56,377 DEBUG [http-nio-8080-exec-3] c.c.s.d.d.S.selectOneByExample [BaseJdbcLogger.java : 159] ==>  Preparing: select id, username, user_id, province, city, county, address_detail, area_code, postal_code, tel, is_default, add_time, update_time, deleted from srent_address WHERE ( user_id = ? and is_default = ? and deleted = ? ) limit 1 
2019-12-10 22:08:56,379 DEBUG [http-nio-8080-exec-3] c.c.s.d.d.S.selectOneByExample [BaseJdbcLogger.java : 159] ==> Parameters: 5(Integer), true(Boolean), false(Boolean)
2019-12-10 22:08:56,384 DEBUG [http-nio-8080-exec-3] c.c.s.d.d.S.selectOneByExample [BaseJdbcLogger.java : 159] <==      Total: 0
2019-12-10 22:08:56,387 DEBUG [http-nio-8080-exec-3] c.c.s.d.d.S.selectOneByExampleWithBLOBs [BaseJdbcLogger.java : 159] ==>  Preparing: select id, goods_sn, user_id, rent_price, deposit, `name`, category_id, keywords, gallery, sort_order, add_time, update_time, order_id, rented, deleted , `desc` from srent_goods WHERE ( id = ? and deleted = ? ) limit 1 
2019-12-10 22:08:56,388 DEBUG [http-nio-8080-exec-3] c.c.s.d.d.S.selectOneByExampleWithBLOBs [BaseJdbcLogger.java : 159] ==> Parameters: 89(Integer), false(Boolean)
2019-12-10 22:08:56,390 DEBUG [http-nio-8080-exec-3] c.c.s.d.d.S.selectOneByExampleWithBLOBs [BaseJdbcLogger.java : 159] <==      Total: 1
