2019-12-11 17:33:51,333 INFO [restartedMain] com.csmaxwell.srent.Application [StartupInfoLogger.java : 50] Starting Application on maxwells-MacBook-Pro.local with PID 1540 (/Users/maxwell/IdeaProjects/srent/srent-all/target/classes started by maxwell in /Users/maxwell/IdeaProjects/srent)
2019-12-11 17:33:51,336 DEBUG [restartedMain] com.csmaxwell.srent.Application [StartupInfoLogger.java : 53] Running with Spring Boot v2.0.4.RELEASE, Spring v5.0.8.RELEASE
2019-12-11 17:33:51,336 INFO [restartedMain] com.csmaxwell.srent.Application [SpringApplication.java : 666] The following profiles are active: db,core,admin,wx
2019-12-11 17:33:56,723 DEBUG [restartedMain] c.c.s.d.d.S.selectByExample [BaseJdbcLogger.java : 159] ==>  Preparing: select id, key_name, key_value, add_time, update_time, deleted from srent_system WHERE ( deleted = ? ) 
2019-12-11 17:33:56,751 DEBUG [restartedMain] c.c.s.d.d.S.selectByExample [BaseJdbcLogger.java : 159] ==> Parameters: false(Boolean)
2019-12-11 17:33:56,810 DEBUG [restartedMain] c.c.s.d.d.S.selectByExample [BaseJdbcLogger.java : 159] <==      Total: 22
2019-12-11 17:34:00,925 INFO [restartedMain] com.csmaxwell.srent.Application [StartupInfoLogger.java : 59] Started Application in 30.227 seconds (JVM running for 36.199)
2019-12-11 17:35:45,229 DEBUG [pool-4-thread-2] c.c.s.d.d.S.selectByExampleSelective [BaseJdbcLogger.java : 159] ==>  Preparing: select id , `name` , icon_url from srent_category WHERE ( `level` = ? and deleted = ? ) 
2019-12-11 17:35:45,231 DEBUG [pool-4-thread-2] c.c.s.d.d.S.selectByExampleSelective [BaseJdbcLogger.java : 159] ==> Parameters: L1(String), false(Boolean)
2019-12-11 17:35:45,235 DEBUG [pool-4-thread-2] c.c.s.d.d.S.selectByExampleSelective [BaseJdbcLogger.java : 159] <==      Total: 4
2019-12-11 17:35:45,487 DEBUG [pool-4-thread-1] c.c.s.d.d.S.selectByExampleSelective_COUNT [BaseJdbcLogger.java : 159] ==>  Preparing: SELECT count(0) FROM srent_goods WHERE (deleted = ?) 
2019-12-11 17:35:45,489 DEBUG [pool-4-thread-1] c.c.s.d.d.S.selectByExampleSelective_COUNT [BaseJdbcLogger.java : 159] ==> Parameters: false(Boolean)
2019-12-11 17:35:45,497 DEBUG [pool-4-thread-1] c.c.s.d.d.S.selectByExampleSelective_COUNT [BaseJdbcLogger.java : 159] <==      Total: 1
2019-12-11 17:35:45,500 DEBUG [pool-4-thread-1] c.c.s.d.d.S.selectByExampleSelective [BaseJdbcLogger.java : 159] ==>  Preparing: select id , `name` , gallery , rent_price , user_id , deposit from srent_goods WHERE ( deleted = ? ) order by add_time desc LIMIT ? 
2019-12-11 17:35:45,503 DEBUG [pool-4-thread-1] c.c.s.d.d.S.selectByExampleSelective [BaseJdbcLogger.java : 159] ==> Parameters: false(Boolean), 10(Integer)
2019-12-11 17:35:45,515 DEBUG [pool-4-thread-1] c.c.s.d.d.S.selectByExampleSelective [BaseJdbcLogger.java : 159] <==      Total: 10
2019-12-11 17:36:06,911 DEBUG [pool-5-thread-2] c.c.s.d.d.S.selectByExampleSelective [BaseJdbcLogger.java : 159] ==>  Preparing: select id , `name` , icon_url from srent_category WHERE ( `level` = ? and deleted = ? ) 
2019-12-11 17:36:06,913 DEBUG [pool-5-thread-2] c.c.s.d.d.S.selectByExampleSelective [BaseJdbcLogger.java : 159] ==> Parameters: L1(String), false(Boolean)
2019-12-11 17:36:06,916 DEBUG [pool-5-thread-2] c.c.s.d.d.S.selectByExampleSelective [BaseJdbcLogger.java : 159] <==      Total: 4
2019-12-11 17:36:06,917 DEBUG [pool-5-thread-1] c.c.s.d.d.S.selectByExampleSelective_COUNT [BaseJdbcLogger.java : 159] ==>  Preparing: SELECT count(0) FROM srent_goods WHERE (deleted = ?) 
2019-12-11 17:36:06,919 DEBUG [pool-5-thread-1] c.c.s.d.d.S.selectByExampleSelective_COUNT [BaseJdbcLogger.java : 159] ==> Parameters: false(Boolean)
2019-12-11 17:36:06,920 DEBUG [pool-5-thread-1] c.c.s.d.d.S.selectByExampleSelective_COUNT [BaseJdbcLogger.java : 159] <==      Total: 1
2019-12-11 17:36:06,922 DEBUG [pool-5-thread-1] c.c.s.d.d.S.selectByExampleSelective [BaseJdbcLogger.java : 159] ==>  Preparing: select id , `name` , gallery , rent_price , user_id , deposit from srent_goods WHERE ( deleted = ? ) order by add_time desc LIMIT ? 
2019-12-11 17:36:06,922 DEBUG [pool-5-thread-1] c.c.s.d.d.S.selectByExampleSelective [BaseJdbcLogger.java : 159] ==> Parameters: false(Boolean), 10(Integer)
2019-12-11 17:36:06,927 DEBUG [pool-5-thread-1] c.c.s.d.d.S.selectByExampleSelective [BaseJdbcLogger.java : 159] <==      Total: 10
2019-12-11 17:37:33,302 DEBUG [pool-6-thread-2] c.c.s.d.d.S.selectByExampleSelective [BaseJdbcLogger.java : 159] ==>  Preparing: select id , `name` , icon_url from srent_category WHERE ( `level` = ? and deleted = ? ) 
2019-12-11 17:37:33,303 DEBUG [pool-6-thread-2] c.c.s.d.d.S.selectByExampleSelective [BaseJdbcLogger.java : 159] ==> Parameters: L1(String), false(Boolean)
2019-12-11 17:37:33,305 DEBUG [pool-6-thread-2] c.c.s.d.d.S.selectByExampleSelective [BaseJdbcLogger.java : 159] <==      Total: 4
2019-12-11 17:37:33,307 DEBUG [pool-6-thread-1] c.c.s.d.d.S.selectByExampleSelective_COUNT [BaseJdbcLogger.java : 159] ==>  Preparing: SELECT count(0) FROM srent_goods WHERE (deleted = ?) 
2019-12-11 17:37:33,308 DEBUG [pool-6-thread-1] c.c.s.d.d.S.selectByExampleSelective_COUNT [BaseJdbcLogger.java : 159] ==> Parameters: false(Boolean)
2019-12-11 17:37:33,310 DEBUG [pool-6-thread-1] c.c.s.d.d.S.selectByExampleSelective_COUNT [BaseJdbcLogger.java : 159] <==      Total: 1
2019-12-11 17:37:33,311 DEBUG [pool-6-thread-1] c.c.s.d.d.S.selectByExampleSelective [BaseJdbcLogger.java : 159] ==>  Preparing: select id , `name` , gallery , rent_price , user_id , deposit from srent_goods WHERE ( deleted = ? ) order by add_time desc LIMIT ? 
2019-12-11 17:37:33,312 DEBUG [pool-6-thread-1] c.c.s.d.d.S.selectByExampleSelective [BaseJdbcLogger.java : 159] ==> Parameters: false(Boolean), 10(Integer)
2019-12-11 17:37:33,316 DEBUG [pool-6-thread-1] c.c.s.d.d.S.selectByExampleSelective [BaseJdbcLogger.java : 159] <==      Total: 10
