2019-12-08 21:50:47,532 INFO [restartedMain] com.csmaxwell.srent.Application [StartupInfoLogger.java : 50] Starting Application on maxwells-MacBook-Pro.local with PID 3197 (/Users/maxwell/IdeaProjects/srent/srent-all/target/classes started by maxwell in /Users/maxwell/IdeaProjects/srent)
2019-12-08 21:50:47,536 DEBUG [restartedMain] com.csmaxwell.srent.Application [StartupInfoLogger.java : 53] Running with Spring Boot v2.0.4.RELEASE, Spring v5.0.8.RELEASE
2019-12-08 21:50:47,536 INFO [restartedMain] com.csmaxwell.srent.Application [SpringApplication.java : 666] The following profiles are active: db,core,admin,wx
2019-12-08 21:50:53,752 DEBUG [restartedMain] c.c.s.d.d.S.selectByExample [BaseJdbcLogger.java : 159] ==>  Preparing: select id, key_name, key_value, add_time, update_time, deleted from srent_system WHERE ( deleted = ? ) 
2019-12-08 21:50:53,781 DEBUG [restartedMain] c.c.s.d.d.S.selectByExample [BaseJdbcLogger.java : 159] ==> Parameters: false(Boolean)
2019-12-08 21:50:53,834 DEBUG [restartedMain] c.c.s.d.d.S.selectByExample [BaseJdbcLogger.java : 159] <==      Total: 22
2019-12-08 21:50:58,255 INFO [restartedMain] com.csmaxwell.srent.Application [StartupInfoLogger.java : 59] Started Application in 31.433 seconds (JVM running for 38.064)
2019-12-08 22:00:54,197 DEBUG [pool-4-thread-2] c.c.s.d.d.S.selectByExampleSelective [BaseJdbcLogger.java : 159] ==>  Preparing: select id , `name` , icon_url from srent_category WHERE ( `level` = ? and deleted = ? ) 
2019-12-08 22:00:54,200 DEBUG [pool-4-thread-2] c.c.s.d.d.S.selectByExampleSelective [BaseJdbcLogger.java : 159] ==> Parameters: L1(String), false(Boolean)
2019-12-08 22:00:54,205 DEBUG [pool-4-thread-2] c.c.s.d.d.S.selectByExampleSelective [BaseJdbcLogger.java : 159] <==      Total: 4
2019-12-08 22:00:54,235 DEBUG [pool-4-thread-1] c.c.s.d.d.S.selectByExampleSelective_COUNT [BaseJdbcLogger.java : 159] ==>  Preparing: SELECT count(0) FROM srent_goods WHERE (deleted = ?) 
2019-12-08 22:00:54,236 DEBUG [pool-4-thread-1] c.c.s.d.d.S.selectByExampleSelective_COUNT [BaseJdbcLogger.java : 159] ==> Parameters: false(Boolean)
2019-12-08 22:00:54,244 DEBUG [pool-4-thread-1] c.c.s.d.d.S.selectByExampleSelective_COUNT [BaseJdbcLogger.java : 159] <==      Total: 1
2019-12-08 22:00:54,246 DEBUG [pool-4-thread-1] c.c.s.d.d.S.selectByExampleSelective [BaseJdbcLogger.java : 159] ==>  Preparing: select id , `name` , gallery , rent_price , user_id , deposit from srent_goods WHERE ( deleted = ? ) order by add_time desc LIMIT ? 
2019-12-08 22:00:54,248 DEBUG [pool-4-thread-1] c.c.s.d.d.S.selectByExampleSelective [BaseJdbcLogger.java : 159] ==> Parameters: false(Boolean), 10(Integer)
2019-12-08 22:00:54,273 DEBUG [pool-4-thread-1] c.c.s.d.d.S.selectByExampleSelective [BaseJdbcLogger.java : 159] <==      Total: 10
2019-12-08 22:09:43,881 DEBUG [pool-5-thread-2] c.c.s.d.d.S.selectByExampleSelective [BaseJdbcLogger.java : 159] ==>  Preparing: select id , `name` , icon_url from srent_category WHERE ( `level` = ? and deleted = ? ) 
2019-12-08 22:09:43,883 DEBUG [pool-5-thread-2] c.c.s.d.d.S.selectByExampleSelective [BaseJdbcLogger.java : 159] ==> Parameters: L1(String), false(Boolean)
2019-12-08 22:09:43,885 DEBUG [pool-5-thread-2] c.c.s.d.d.S.selectByExampleSelective [BaseJdbcLogger.java : 159] <==      Total: 4
2019-12-08 22:09:43,886 DEBUG [pool-5-thread-1] c.c.s.d.d.S.selectByExampleSelective_COUNT [BaseJdbcLogger.java : 159] ==>  Preparing: SELECT count(0) FROM srent_goods WHERE (deleted = ?) 
2019-12-08 22:09:43,887 DEBUG [pool-5-thread-1] c.c.s.d.d.S.selectByExampleSelective_COUNT [BaseJdbcLogger.java : 159] ==> Parameters: false(Boolean)
2019-12-08 22:09:43,888 DEBUG [pool-5-thread-1] c.c.s.d.d.S.selectByExampleSelective_COUNT [BaseJdbcLogger.java : 159] <==      Total: 1
2019-12-08 22:09:43,890 DEBUG [pool-5-thread-1] c.c.s.d.d.S.selectByExampleSelective [BaseJdbcLogger.java : 159] ==>  Preparing: select id , `name` , gallery , rent_price , user_id , deposit from srent_goods WHERE ( deleted = ? ) order by add_time desc LIMIT ? 
2019-12-08 22:09:43,891 DEBUG [pool-5-thread-1] c.c.s.d.d.S.selectByExampleSelective [BaseJdbcLogger.java : 159] ==> Parameters: false(Boolean), 10(Integer)
2019-12-08 22:09:43,898 DEBUG [pool-5-thread-1] c.c.s.d.d.S.selectByExampleSelective [BaseJdbcLogger.java : 159] <==      Total: 10
2019-12-08 22:14:31,268 DEBUG [http-nio-8080-exec-7] c.c.s.d.d.S.selectByExample [BaseJdbcLogger.java : 159] ==>  Preparing: select id, username, `password`, gender, last_login_time, last_login_ip, nickname, mobile, avatar, weixin_openid, session_key, `status`, add_time, update_time, deleted from srent_user WHERE ( username = ? and deleted = ? ) 
2019-12-08 22:14:31,269 DEBUG [http-nio-8080-exec-7] c.c.s.d.d.S.selectByExample [BaseJdbcLogger.java : 159] ==> Parameters: 123456(String), false(Boolean)
2019-12-08 22:14:31,275 DEBUG [http-nio-8080-exec-7] c.c.s.d.d.S.selectByExample [BaseJdbcLogger.java : 159] <==      Total: 1
2019-12-08 22:14:35,962 DEBUG [pool-6-thread-2] c.c.s.d.d.S.selectByExampleSelective [BaseJdbcLogger.java : 159] ==>  Preparing: select id , `name` , icon_url from srent_category WHERE ( `level` = ? and deleted = ? ) 
2019-12-08 22:14:35,963 DEBUG [pool-6-thread-2] c.c.s.d.d.S.selectByExampleSelective [BaseJdbcLogger.java : 159] ==> Parameters: L1(String), false(Boolean)
2019-12-08 22:14:35,966 DEBUG [pool-6-thread-2] c.c.s.d.d.S.selectByExampleSelective [BaseJdbcLogger.java : 159] <==      Total: 4
2019-12-08 22:14:35,967 DEBUG [pool-6-thread-1] c.c.s.d.d.S.selectByExampleSelective_COUNT [BaseJdbcLogger.java : 159] ==>  Preparing: SELECT count(0) FROM srent_goods WHERE (deleted = ?) 
2019-12-08 22:14:35,968 DEBUG [pool-6-thread-1] c.c.s.d.d.S.selectByExampleSelective_COUNT [BaseJdbcLogger.java : 159] ==> Parameters: false(Boolean)
2019-12-08 22:14:35,970 DEBUG [pool-6-thread-1] c.c.s.d.d.S.selectByExampleSelective_COUNT [BaseJdbcLogger.java : 159] <==      Total: 1
2019-12-08 22:14:35,971 DEBUG [pool-6-thread-1] c.c.s.d.d.S.selectByExampleSelective [BaseJdbcLogger.java : 159] ==>  Preparing: select id , `name` , gallery , rent_price , user_id , deposit from srent_goods WHERE ( deleted = ? ) order by add_time desc LIMIT ? 
2019-12-08 22:14:35,972 DEBUG [pool-6-thread-1] c.c.s.d.d.S.selectByExampleSelective [BaseJdbcLogger.java : 159] ==> Parameters: false(Boolean), 10(Integer)
2019-12-08 22:14:35,976 DEBUG [pool-6-thread-1] c.c.s.d.d.S.selectByExampleSelective [BaseJdbcLogger.java : 159] <==      Total: 10
2019-12-08 22:14:38,125 DEBUG [http-nio-8080-exec-9] c.c.s.d.d.S.selectByExample [BaseJdbcLogger.java : 159] ==>  Preparing: select id, user_id, post_user_id, goods_id, group_id, add_time, update_time, deleted from srent_message WHERE ( user_id = ? and deleted = ? ) 
2019-12-08 22:14:38,126 DEBUG [http-nio-8080-exec-9] c.c.s.d.d.S.selectByExample [BaseJdbcLogger.java : 159] ==> Parameters: 5(Integer), false(Boolean)
2019-12-08 22:14:38,133 DEBUG [http-nio-8080-exec-9] c.c.s.d.d.S.selectByExample [BaseJdbcLogger.java : 159] <==      Total: 2
2019-12-08 22:14:38,134 DEBUG [http-nio-8080-exec-9] c.c.s.d.d.S.selectByPrimaryKey [BaseJdbcLogger.java : 159] ==>  Preparing: select id, username, `password`, gender, last_login_time, last_login_ip, nickname, mobile, avatar, weixin_openid, session_key, `status`, add_time, update_time, deleted from srent_user where id = ? 
2019-12-08 22:14:38,135 DEBUG [http-nio-8080-exec-9] c.c.s.d.d.S.selectByPrimaryKey [BaseJdbcLogger.java : 159] ==> Parameters: 11(Integer)
2019-12-08 22:14:38,139 DEBUG [http-nio-8080-exec-9] c.c.s.d.d.S.selectByPrimaryKey [BaseJdbcLogger.java : 159] <==      Total: 1
2019-12-08 22:14:38,141 DEBUG [http-nio-8080-exec-9] c.c.s.d.d.S.selectOneByExampleSelective [BaseJdbcLogger.java : 159] ==>  Preparing: select id , `name` , gallery , rent_price , user_id , deposit from srent_goods WHERE ( id = ? and deleted = ? ) limit 1 
2019-12-08 22:14:38,142 DEBUG [http-nio-8080-exec-9] c.c.s.d.d.S.selectOneByExampleSelective [BaseJdbcLogger.java : 159] ==> Parameters: 79(Integer), false(Boolean)
2019-12-08 22:14:38,144 DEBUG [http-nio-8080-exec-9] c.c.s.d.d.S.selectOneByExampleSelective [BaseJdbcLogger.java : 159] <==      Total: 1
2019-12-08 22:14:38,146 DEBUG [http-nio-8080-exec-9] c.c.s.d.d.S.selectByPrimaryKey [BaseJdbcLogger.java : 159] ==>  Preparing: select id, username, `password`, gender, last_login_time, last_login_ip, nickname, mobile, avatar, weixin_openid, session_key, `status`, add_time, update_time, deleted from srent_user where id = ? 
2019-12-08 22:14:38,146 DEBUG [http-nio-8080-exec-9] c.c.s.d.d.S.selectByPrimaryKey [BaseJdbcLogger.java : 159] ==> Parameters: 11(Integer)
2019-12-08 22:14:38,148 DEBUG [http-nio-8080-exec-9] c.c.s.d.d.S.selectByPrimaryKey [BaseJdbcLogger.java : 159] <==      Total: 1
2019-12-08 22:14:38,150 DEBUG [http-nio-8080-exec-9] c.c.s.d.d.S.selectOneByExampleSelective [BaseJdbcLogger.java : 159] ==>  Preparing: select id , `name` , gallery , rent_price , user_id , deposit from srent_goods WHERE ( id = ? and deleted = ? ) limit 1 
2019-12-08 22:14:38,151 DEBUG [http-nio-8080-exec-9] c.c.s.d.d.S.selectOneByExampleSelective [BaseJdbcLogger.java : 159] ==> Parameters: 78(Integer), false(Boolean)
2019-12-08 22:14:38,154 DEBUG [http-nio-8080-exec-9] c.c.s.d.d.S.selectOneByExampleSelective [BaseJdbcLogger.java : 159] <==      Total: 1
2019-12-08 22:15:02,426 DEBUG [pool-7-thread-2] c.c.s.d.d.S.selectByExampleSelective [BaseJdbcLogger.java : 159] ==>  Preparing: select id , `name` , icon_url from srent_category WHERE ( `level` = ? and deleted = ? ) 
2019-12-08 22:15:02,427 DEBUG [pool-7-thread-1] c.c.s.d.d.S.selectByExampleSelective_COUNT [BaseJdbcLogger.java : 159] ==>  Preparing: SELECT count(0) FROM srent_goods WHERE (deleted = ?) 
2019-12-08 22:15:02,428 DEBUG [pool-7-thread-2] c.c.s.d.d.S.selectByExampleSelective [BaseJdbcLogger.java : 159] ==> Parameters: L1(String), false(Boolean)
2019-12-08 22:15:02,428 DEBUG [pool-7-thread-1] c.c.s.d.d.S.selectByExampleSelective_COUNT [BaseJdbcLogger.java : 159] ==> Parameters: false(Boolean)
2019-12-08 22:15:02,430 DEBUG [pool-7-thread-1] c.c.s.d.d.S.selectByExampleSelective_COUNT [BaseJdbcLogger.java : 159] <==      Total: 1
2019-12-08 22:15:02,431 DEBUG [pool-7-thread-1] c.c.s.d.d.S.selectByExampleSelective [BaseJdbcLogger.java : 159] ==>  Preparing: select id , `name` , gallery , rent_price , user_id , deposit from srent_goods WHERE ( deleted = ? ) order by add_time desc LIMIT ? 
2019-12-08 22:15:02,431 DEBUG [pool-7-thread-2] c.c.s.d.d.S.selectByExampleSelective [BaseJdbcLogger.java : 159] <==      Total: 4
2019-12-08 22:15:02,431 DEBUG [pool-7-thread-1] c.c.s.d.d.S.selectByExampleSelective [BaseJdbcLogger.java : 159] ==> Parameters: false(Boolean), 10(Integer)
2019-12-08 22:15:02,434 DEBUG [pool-7-thread-1] c.c.s.d.d.S.selectByExampleSelective [BaseJdbcLogger.java : 159] <==      Total: 10
2019-12-08 22:15:03,820 DEBUG [http-nio-8080-exec-1] c.c.s.d.d.S.selectOneByExampleWithBLOBs [BaseJdbcLogger.java : 159] ==>  Preparing: select id, goods_sn, user_id, rent_price, deposit, `name`, category_id, keywords, gallery, sort_order, add_time, update_time, order_id, rented, deleted , `desc` from srent_goods WHERE ( id = ? and deleted = ? ) limit 1 
2019-12-08 22:15:03,822 DEBUG [http-nio-8080-exec-1] c.c.s.d.d.S.selectOneByExampleWithBLOBs [BaseJdbcLogger.java : 159] ==> Parameters: 89(Integer), false(Boolean)
2019-12-08 22:15:03,831 DEBUG [http-nio-8080-exec-1] c.c.s.d.d.S.selectOneByExampleWithBLOBs [BaseJdbcLogger.java : 159] <==      Total: 1
2019-12-08 22:15:03,833 DEBUG [http-nio-8080-exec-1] c.c.s.d.d.S.selectByPrimaryKey [BaseJdbcLogger.java : 159] ==>  Preparing: select id, username, `password`, gender, last_login_time, last_login_ip, nickname, mobile, avatar, weixin_openid, session_key, `status`, add_time, update_time, deleted from srent_user where id = ? 
2019-12-08 22:15:03,834 DEBUG [http-nio-8080-exec-1] c.c.s.d.d.S.selectByPrimaryKey [BaseJdbcLogger.java : 159] ==> Parameters: 3(Integer)
2019-12-08 22:15:03,837 DEBUG [http-nio-8080-exec-1] c.c.s.d.d.S.selectByPrimaryKey [BaseJdbcLogger.java : 159] <==      Total: 1
2019-12-08 22:15:03,851 DEBUG [http-nio-8080-exec-1] c.c.s.d.d.S.countByExample [BaseJdbcLogger.java : 159] ==>  Preparing: select count(*) from srent_collect WHERE ( user_id = ? and value_id = ? and deleted = ? ) 
2019-12-08 22:15:03,852 DEBUG [http-nio-8080-exec-1] c.c.s.d.d.S.countByExample [BaseJdbcLogger.java : 159] ==> Parameters: 5(Integer), 89(Integer), false(Boolean)
2019-12-08 22:15:03,860 DEBUG [http-nio-8080-exec-1] c.c.s.d.d.S.countByExample [BaseJdbcLogger.java : 159] <==      Total: 1
2019-12-08 22:15:03,864 DEBUG [pool-2-thread-1] c.c.s.d.d.S.insertSelective [BaseJdbcLogger.java : 159] ==>  Preparing: insert into srent_footprint ( user_id, goods_id, add_time, update_time ) values ( ?, ?, ?, ? ) 
2019-12-08 22:15:03,867 DEBUG [pool-2-thread-1] c.c.s.d.d.S.insertSelective [BaseJdbcLogger.java : 159] ==> Parameters: 5(Integer), 89(Integer), 2019-12-08 22:15:03.862(Timestamp), 2019-12-08 22:15:03.862(Timestamp)
2019-12-08 22:15:03,881 DEBUG [pool-2-thread-1] c.c.s.d.d.S.insertSelective [BaseJdbcLogger.java : 159] <==    Updates: 1
2019-12-08 22:15:03,882 DEBUG [pool-2-thread-1] c.c.s.d.d.S.insertSelective!selectKey [BaseJdbcLogger.java : 159] ==>  Preparing: SELECT LAST_INSERT_ID() 
2019-12-08 22:15:03,882 DEBUG [pool-2-thread-1] c.c.s.d.d.S.insertSelective!selectKey [BaseJdbcLogger.java : 159] ==> Parameters: 
2019-12-08 22:15:03,885 DEBUG [pool-2-thread-1] c.c.s.d.d.S.insertSelective!selectKey [BaseJdbcLogger.java : 159] <==      Total: 1
2019-12-08 22:15:06,728 DEBUG [pool-8-thread-2] c.c.s.d.d.S.selectByExampleSelective [BaseJdbcLogger.java : 159] ==>  Preparing: select id , `name` , icon_url from srent_category WHERE ( `level` = ? and deleted = ? ) 
2019-12-08 22:15:06,728 DEBUG [pool-8-thread-2] c.c.s.d.d.S.selectByExampleSelective [BaseJdbcLogger.java : 159] ==> Parameters: L1(String), false(Boolean)
2019-12-08 22:15:06,729 DEBUG [pool-8-thread-1] c.c.s.d.d.S.selectByExampleSelective_COUNT [BaseJdbcLogger.java : 159] ==>  Preparing: SELECT count(0) FROM srent_goods WHERE (deleted = ?) 
2019-12-08 22:15:06,729 DEBUG [pool-8-thread-1] c.c.s.d.d.S.selectByExampleSelective_COUNT [BaseJdbcLogger.java : 159] ==> Parameters: false(Boolean)
2019-12-08 22:15:06,731 DEBUG [pool-8-thread-2] c.c.s.d.d.S.selectByExampleSelective [BaseJdbcLogger.java : 159] <==      Total: 4
2019-12-08 22:15:06,731 DEBUG [pool-8-thread-1] c.c.s.d.d.S.selectByExampleSelective_COUNT [BaseJdbcLogger.java : 159] <==      Total: 1
2019-12-08 22:15:06,732 DEBUG [pool-8-thread-1] c.c.s.d.d.S.selectByExampleSelective [BaseJdbcLogger.java : 159] ==>  Preparing: select id , `name` , gallery , rent_price , user_id , deposit from srent_goods WHERE ( deleted = ? ) order by add_time desc LIMIT ? 
2019-12-08 22:15:06,733 DEBUG [pool-8-thread-1] c.c.s.d.d.S.selectByExampleSelective [BaseJdbcLogger.java : 159] ==> Parameters: false(Boolean), 10(Integer)
2019-12-08 22:15:06,736 DEBUG [pool-8-thread-1] c.c.s.d.d.S.selectByExampleSelective [BaseJdbcLogger.java : 159] <==      Total: 10
2019-12-08 22:30:39,498 DEBUG [http-nio-8080-exec-5] c.c.s.d.d.S.selectByExample [BaseJdbcLogger.java : 159] ==>  Preparing: select id, username, `password`, last_login_ip, last_login_time, avatar, add_time, update_time, deleted, role_ids from srent_admin WHERE ( username = ? and deleted = ? ) 
2019-12-08 22:30:39,499 DEBUG [http-nio-8080-exec-5] c.c.s.d.d.S.selectByExample [BaseJdbcLogger.java : 159] ==> Parameters: admin123(String), false(Boolean)
2019-12-08 22:30:39,518 DEBUG [http-nio-8080-exec-5] c.c.s.d.d.S.selectByExample [BaseJdbcLogger.java : 159] <==      Total: 1
2019-12-08 22:30:39,640 DEBUG [http-nio-8080-exec-5] c.c.s.d.d.S.updateByPrimaryKeySelective [BaseJdbcLogger.java : 159] ==>  Preparing: update srent_admin SET username = ?, `password` = ?, last_login_ip = ?, last_login_time = ?, avatar = ?, add_time = ?, update_time = ?, deleted = ?, role_ids = ? where id = ? 
2019-12-08 22:30:39,649 DEBUG [http-nio-8080-exec-5] c.c.s.d.d.S.updateByPrimaryKeySelective [BaseJdbcLogger.java : 159] ==> Parameters: admin123(String), $2a$10$.rEfyBb/GURD9P2p0fRg/OAJGloGNDkJS4lY0cQHeqDgsbdTylBpu(String), 0:0:0:0:0:0:0:1(String), 2019-12-08 22:30:39.639(Timestamp), https://wpimg.wallstcn.com/f778738c-e4f8-4870-b634-56703b4acafe.gif(String), 2018-02-01 00:00:00.0(Timestamp), 2019-12-08 22:30:39.639(Timestamp), false(Boolean), [1](String), 1(Integer)
2019-12-08 22:30:39,653 DEBUG [http-nio-8080-exec-5] c.c.s.d.d.S.updateByPrimaryKeySelective [BaseJdbcLogger.java : 159] <==    Updates: 1
2019-12-08 22:30:39,656 DEBUG [http-nio-8080-exec-5] c.c.s.d.d.S.insertSelective [BaseJdbcLogger.java : 159] ==>  Preparing: insert into srent_log ( `admin`, ip, `type`, `action`, `status`, `result`, `comment`, add_time, update_time ) values ( ?, ?, ?, ?, ?, ?, ?, ?, ? ) 
2019-12-08 22:30:39,658 DEBUG [http-nio-8080-exec-5] c.c.s.d.d.S.insertSelective [BaseJdbcLogger.java : 159] ==> Parameters: admin123(String), 0:0:0:0:0:0:0:1(String), 1(Integer), 登录(String), true(Boolean), (String), (String), 2019-12-08 22:30:39.654(Timestamp), 2019-12-08 22:30:39.654(Timestamp)
2019-12-08 22:30:39,662 DEBUG [http-nio-8080-exec-5] c.c.s.d.d.S.insertSelective [BaseJdbcLogger.java : 159] <==    Updates: 1
2019-12-08 22:30:39,663 DEBUG [http-nio-8080-exec-5] c.c.s.d.d.S.insertSelective!selectKey [BaseJdbcLogger.java : 159] ==>  Preparing: SELECT LAST_INSERT_ID() 
2019-12-08 22:30:39,664 DEBUG [http-nio-8080-exec-5] c.c.s.d.d.S.insertSelective!selectKey [BaseJdbcLogger.java : 159] ==> Parameters: 
2019-12-08 22:30:39,666 DEBUG [http-nio-8080-exec-5] c.c.s.d.d.S.insertSelective!selectKey [BaseJdbcLogger.java : 159] <==      Total: 1
2019-12-08 22:30:39,701 DEBUG [http-nio-8080-exec-7] c.c.s.d.d.S.selectByExample [BaseJdbcLogger.java : 159] ==>  Preparing: select id, `name`, `desc`, enabled, add_time, update_time, deleted from srent_role WHERE ( id in ( ? ) and enabled = ? and deleted = ? ) 
2019-12-08 22:30:39,702 DEBUG [http-nio-8080-exec-7] c.c.s.d.d.S.selectByExample [BaseJdbcLogger.java : 159] ==> Parameters: 1(Integer), true(Boolean), false(Boolean)
2019-12-08 22:30:39,706 DEBUG [http-nio-8080-exec-7] c.c.s.d.d.S.selectByExample [BaseJdbcLogger.java : 159] <==      Total: 1
2019-12-08 22:30:39,715 DEBUG [http-nio-8080-exec-7] c.c.s.d.d.S.selectByExample [BaseJdbcLogger.java : 159] ==>  Preparing: select id, role_id, permission, add_time, update_time, deleted from srent_permission WHERE ( role_id in ( ? ) and deleted = ? ) 
2019-12-08 22:30:39,716 DEBUG [http-nio-8080-exec-7] c.c.s.d.d.S.selectByExample [BaseJdbcLogger.java : 159] ==> Parameters: 1(Integer), false(Boolean)
2019-12-08 22:30:39,720 DEBUG [http-nio-8080-exec-7] c.c.s.d.d.S.selectByExample [BaseJdbcLogger.java : 159] <==      Total: 1
2019-12-08 22:30:39,912 DEBUG [http-nio-8080-exec-9] c.c.s.d.d.S.countByExample [BaseJdbcLogger.java : 159] ==>  Preparing: select count(*) from srent_user WHERE ( deleted = ? ) 
2019-12-08 22:30:39,913 DEBUG [http-nio-8080-exec-9] c.c.s.d.d.S.countByExample [BaseJdbcLogger.java : 159] ==> Parameters: false(Boolean)
2019-12-08 22:30:39,915 DEBUG [http-nio-8080-exec-9] c.c.s.d.d.S.countByExample [BaseJdbcLogger.java : 159] <==      Total: 1
2019-12-08 22:30:39,917 DEBUG [http-nio-8080-exec-9] c.c.s.d.d.S.countByExample [BaseJdbcLogger.java : 159] ==>  Preparing: select count(*) from srent_goods WHERE ( deleted = ? ) 
2019-12-08 22:30:39,918 DEBUG [http-nio-8080-exec-9] c.c.s.d.d.S.countByExample [BaseJdbcLogger.java : 159] ==> Parameters: false(Boolean)
2019-12-08 22:30:39,919 DEBUG [http-nio-8080-exec-9] c.c.s.d.d.S.countByExample [BaseJdbcLogger.java : 159] <==      Total: 1
2019-12-08 22:30:39,920 DEBUG [http-nio-8080-exec-9] c.c.s.d.d.S.countByExample [BaseJdbcLogger.java : 159] ==>  Preparing: select count(*) from srent_category WHERE ( deleted = ? ) 
2019-12-08 22:30:39,921 DEBUG [http-nio-8080-exec-9] c.c.s.d.d.S.countByExample [BaseJdbcLogger.java : 159] ==> Parameters: false(Boolean)
2019-12-08 22:30:39,922 DEBUG [http-nio-8080-exec-9] c.c.s.d.d.S.countByExample [BaseJdbcLogger.java : 159] <==      Total: 1
2019-12-08 22:30:39,934 DEBUG [http-nio-8080-exec-9] c.c.s.d.d.S.countByExample [BaseJdbcLogger.java : 159] ==>  Preparing: select count(*) from srent_order WHERE ( deleted = ? ) 
2019-12-08 22:30:39,935 DEBUG [http-nio-8080-exec-9] c.c.s.d.d.S.countByExample [BaseJdbcLogger.java : 159] ==> Parameters: false(Boolean)
2019-12-08 22:30:39,938 DEBUG [http-nio-8080-exec-9] c.c.s.d.d.S.countByExample [BaseJdbcLogger.java : 159] <==      Total: 1
