2019-12-22 11:13:14,803 INFO [restartedMain] com.csmaxwell.srent.Application [StartupInfoLogger.java : 50] Starting Application on maxwelldeMBP.lan with PID 2523 (/Users/maxwell/IdeaProjects/srent/srent-all/target/classes started by maxwell in /Users/maxwell/IdeaProjects/srent)
2019-12-22 11:13:14,805 DEBUG [restartedMain] com.csmaxwell.srent.Application [StartupInfoLogger.java : 53] Running with Spring Boot v2.0.4.RELEASE, Spring v5.0.8.RELEASE
2019-12-22 11:13:14,805 INFO [restartedMain] com.csmaxwell.srent.Application [SpringApplication.java : 666] The following profiles are active: db,core,admin,wx
2019-12-22 11:13:19,271 DEBUG [restartedMain] c.c.s.d.d.S.selectByExample [BaseJdbcLogger.java : 159] ==>  Preparing: select id, key_name, key_value, add_time, update_time, deleted from srent_system WHERE ( deleted = ? ) 
2019-12-22 11:13:19,286 DEBUG [restartedMain] c.c.s.d.d.S.selectByExample [BaseJdbcLogger.java : 159] ==> Parameters: false(Boolean)
2019-12-22 11:13:19,309 DEBUG [restartedMain] c.c.s.d.d.S.selectByExample [BaseJdbcLogger.java : 159] <==      Total: 38
2019-12-22 11:13:21,993 INFO [restartedMain] com.csmaxwell.srent.Application [StartupInfoLogger.java : 59] Started Application in 7.834 seconds (JVM running for 8.593)
2019-12-22 11:14:43,604 DEBUG [pool-4-thread-2] c.c.s.d.d.S.selectByExampleSelective [BaseJdbcLogger.java : 159] ==>  Preparing: select id , `name` , icon_url from srent_category WHERE ( `level` = ? and deleted = ? ) 
2019-12-22 11:14:43,605 DEBUG [pool-4-thread-2] c.c.s.d.d.S.selectByExampleSelective [BaseJdbcLogger.java : 159] ==> Parameters: L1(String), false(Boolean)
2019-12-22 11:14:43,606 DEBUG [pool-4-thread-2] c.c.s.d.d.S.selectByExampleSelective [BaseJdbcLogger.java : 159] <==      Total: 4
2019-12-22 11:14:43,620 DEBUG [pool-4-thread-1] c.c.s.d.d.S.selectByExampleSelective_COUNT [BaseJdbcLogger.java : 159] ==>  Preparing: SELECT count(0) FROM srent_goods WHERE (deleted = ?) 
2019-12-22 11:14:43,621 DEBUG [pool-4-thread-1] c.c.s.d.d.S.selectByExampleSelective_COUNT [BaseJdbcLogger.java : 159] ==> Parameters: false(Boolean)
2019-12-22 11:14:43,622 DEBUG [pool-4-thread-1] c.c.s.d.d.S.selectByExampleSelective_COUNT [BaseJdbcLogger.java : 159] <==      Total: 1
2019-12-22 11:14:43,623 DEBUG [pool-4-thread-1] c.c.s.d.d.S.selectByExampleSelective [BaseJdbcLogger.java : 159] ==>  Preparing: select id , `name` , gallery , rent_price , user_id , deposit from srent_goods WHERE ( deleted = ? ) order by add_time desc LIMIT ? 
2019-12-22 11:14:43,623 DEBUG [pool-4-thread-1] c.c.s.d.d.S.selectByExampleSelective [BaseJdbcLogger.java : 159] ==> Parameters: false(Boolean), 10(Integer)
2019-12-22 11:14:43,634 DEBUG [pool-4-thread-1] c.c.s.d.d.S.selectByExampleSelective [BaseJdbcLogger.java : 159] <==      Total: 10
2019-12-22 11:14:44,998 DEBUG [pool-5-thread-2] c.c.s.d.d.S.selectByExampleSelective [BaseJdbcLogger.java : 159] ==>  Preparing: select id , `name` , icon_url from srent_category WHERE ( `level` = ? and deleted = ? ) 
2019-12-22 11:14:44,999 DEBUG [pool-5-thread-2] c.c.s.d.d.S.selectByExampleSelective [BaseJdbcLogger.java : 159] ==> Parameters: L1(String), false(Boolean)
2019-12-22 11:14:45,000 DEBUG [pool-5-thread-2] c.c.s.d.d.S.selectByExampleSelective [BaseJdbcLogger.java : 159] <==      Total: 4
2019-12-22 11:14:45,001 DEBUG [pool-5-thread-1] c.c.s.d.d.S.selectByExampleSelective_COUNT [BaseJdbcLogger.java : 159] ==>  Preparing: SELECT count(0) FROM srent_goods WHERE (deleted = ?) 
2019-12-22 11:14:45,002 DEBUG [pool-5-thread-1] c.c.s.d.d.S.selectByExampleSelective_COUNT [BaseJdbcLogger.java : 159] ==> Parameters: false(Boolean)
2019-12-22 11:14:45,003 DEBUG [pool-5-thread-1] c.c.s.d.d.S.selectByExampleSelective_COUNT [BaseJdbcLogger.java : 159] <==      Total: 1
2019-12-22 11:14:45,004 DEBUG [pool-5-thread-1] c.c.s.d.d.S.selectByExampleSelective [BaseJdbcLogger.java : 159] ==>  Preparing: select id , `name` , gallery , rent_price , user_id , deposit from srent_goods WHERE ( deleted = ? ) order by add_time desc LIMIT ? 
2019-12-22 11:14:45,004 DEBUG [pool-5-thread-1] c.c.s.d.d.S.selectByExampleSelective [BaseJdbcLogger.java : 159] ==> Parameters: false(Boolean), 10(Integer)
2019-12-22 11:14:45,009 DEBUG [pool-5-thread-1] c.c.s.d.d.S.selectByExampleSelective [BaseJdbcLogger.java : 159] <==      Total: 10
2019-12-22 11:14:48,910 DEBUG [pool-6-thread-2] c.c.s.d.d.S.selectByExampleSelective [BaseJdbcLogger.java : 159] ==>  Preparing: select id , `name` , icon_url from srent_category WHERE ( `level` = ? and deleted = ? ) 
2019-12-22 11:14:48,910 DEBUG [pool-6-thread-2] c.c.s.d.d.S.selectByExampleSelective [BaseJdbcLogger.java : 159] ==> Parameters: L1(String), false(Boolean)
2019-12-22 11:14:48,913 DEBUG [pool-6-thread-2] c.c.s.d.d.S.selectByExampleSelective [BaseJdbcLogger.java : 159] <==      Total: 4
2019-12-22 11:14:48,914 DEBUG [pool-6-thread-1] c.c.s.d.d.S.selectByExampleSelective_COUNT [BaseJdbcLogger.java : 159] ==>  Preparing: SELECT count(0) FROM srent_goods WHERE (deleted = ?) 
2019-12-22 11:14:48,914 DEBUG [pool-6-thread-1] c.c.s.d.d.S.selectByExampleSelective_COUNT [BaseJdbcLogger.java : 159] ==> Parameters: false(Boolean)
2019-12-22 11:14:48,915 DEBUG [pool-6-thread-1] c.c.s.d.d.S.selectByExampleSelective_COUNT [BaseJdbcLogger.java : 159] <==      Total: 1
2019-12-22 11:14:48,916 DEBUG [pool-6-thread-1] c.c.s.d.d.S.selectByExampleSelective [BaseJdbcLogger.java : 159] ==>  Preparing: select id , `name` , gallery , rent_price , user_id , deposit from srent_goods WHERE ( deleted = ? ) order by add_time desc LIMIT ? 
2019-12-22 11:14:48,917 DEBUG [pool-6-thread-1] c.c.s.d.d.S.selectByExampleSelective [BaseJdbcLogger.java : 159] ==> Parameters: false(Boolean), 10(Integer)
2019-12-22 11:14:48,920 DEBUG [pool-6-thread-1] c.c.s.d.d.S.selectByExampleSelective [BaseJdbcLogger.java : 159] <==      Total: 10
2019-12-22 11:20:10,507 DEBUG [pool-7-thread-2] c.c.s.d.d.S.selectByExampleSelective [BaseJdbcLogger.java : 159] ==>  Preparing: select id , `name` , icon_url from srent_category WHERE ( `level` = ? and deleted = ? ) 
2019-12-22 11:20:10,508 DEBUG [pool-7-thread-1] c.c.s.d.d.S.selectByExampleSelective_COUNT [BaseJdbcLogger.java : 159] ==>  Preparing: SELECT count(0) FROM srent_goods WHERE (deleted = ?) 
2019-12-22 11:20:10,508 DEBUG [pool-7-thread-2] c.c.s.d.d.S.selectByExampleSelective [BaseJdbcLogger.java : 159] ==> Parameters: L1(String), false(Boolean)
2019-12-22 11:20:10,508 DEBUG [pool-7-thread-1] c.c.s.d.d.S.selectByExampleSelective_COUNT [BaseJdbcLogger.java : 159] ==> Parameters: false(Boolean)
2019-12-22 11:20:10,510 DEBUG [pool-7-thread-1] c.c.s.d.d.S.selectByExampleSelective_COUNT [BaseJdbcLogger.java : 159] <==      Total: 1
2019-12-22 11:20:10,511 DEBUG [pool-7-thread-1] c.c.s.d.d.S.selectByExampleSelective [BaseJdbcLogger.java : 159] ==>  Preparing: select id , `name` , gallery , rent_price , user_id , deposit from srent_goods WHERE ( deleted = ? ) order by add_time desc LIMIT ? 
2019-12-22 11:20:10,511 DEBUG [pool-7-thread-2] c.c.s.d.d.S.selectByExampleSelective [BaseJdbcLogger.java : 159] <==      Total: 4
2019-12-22 11:20:10,512 DEBUG [pool-7-thread-1] c.c.s.d.d.S.selectByExampleSelective [BaseJdbcLogger.java : 159] ==> Parameters: false(Boolean), 10(Integer)
2019-12-22 11:20:10,517 DEBUG [pool-7-thread-1] c.c.s.d.d.S.selectByExampleSelective [BaseJdbcLogger.java : 159] <==      Total: 10
2019-12-22 11:20:49,988 DEBUG [pool-8-thread-2] c.c.s.d.d.S.selectByExampleSelective [BaseJdbcLogger.java : 159] ==>  Preparing: select id , `name` , icon_url from srent_category WHERE ( `level` = ? and deleted = ? ) 
2019-12-22 11:20:49,989 DEBUG [pool-8-thread-2] c.c.s.d.d.S.selectByExampleSelective [BaseJdbcLogger.java : 159] ==> Parameters: L1(String), false(Boolean)
2019-12-22 11:20:49,989 DEBUG [pool-8-thread-1] c.c.s.d.d.S.selectByExampleSelective_COUNT [BaseJdbcLogger.java : 159] ==>  Preparing: SELECT count(0) FROM srent_goods WHERE (deleted = ?) 
2019-12-22 11:20:49,990 DEBUG [pool-8-thread-1] c.c.s.d.d.S.selectByExampleSelective_COUNT [BaseJdbcLogger.java : 159] ==> Parameters: false(Boolean)
2019-12-22 11:20:49,992 DEBUG [pool-8-thread-2] c.c.s.d.d.S.selectByExampleSelective [BaseJdbcLogger.java : 159] <==      Total: 4
2019-12-22 11:20:49,993 DEBUG [pool-8-thread-1] c.c.s.d.d.S.selectByExampleSelective_COUNT [BaseJdbcLogger.java : 159] <==      Total: 1
2019-12-22 11:20:49,994 DEBUG [pool-8-thread-1] c.c.s.d.d.S.selectByExampleSelective [BaseJdbcLogger.java : 159] ==>  Preparing: select id , `name` , gallery , rent_price , user_id , deposit from srent_goods WHERE ( deleted = ? ) order by add_time desc LIMIT ? 
2019-12-22 11:20:49,996 DEBUG [pool-8-thread-1] c.c.s.d.d.S.selectByExampleSelective [BaseJdbcLogger.java : 159] ==> Parameters: false(Boolean), 10(Integer)
2019-12-22 11:20:50,000 DEBUG [pool-8-thread-1] c.c.s.d.d.S.selectByExampleSelective [BaseJdbcLogger.java : 159] <==      Total: 10
2019-12-22 12:48:22,527 INFO [restartedMain] com.csmaxwell.srent.Application [StartupInfoLogger.java : 50] Starting Application on maxwelldeMBP.lan with PID 1323 (/Users/maxwell/IdeaProjects/srent/srent-all/target/classes started by maxwell in /Users/maxwell/IdeaProjects/srent)
2019-12-22 12:48:22,529 DEBUG [restartedMain] com.csmaxwell.srent.Application [StartupInfoLogger.java : 53] Running with Spring Boot v2.0.4.RELEASE, Spring v5.0.8.RELEASE
2019-12-22 12:48:22,529 INFO [restartedMain] com.csmaxwell.srent.Application [SpringApplication.java : 666] The following profiles are active: db,core,admin,wx
2019-12-22 12:48:26,753 DEBUG [restartedMain] c.c.s.d.d.S.selectByExample [BaseJdbcLogger.java : 159] ==>  Preparing: select id, key_name, key_value, add_time, update_time, deleted from srent_system WHERE ( deleted = ? ) 
2019-12-22 12:48:26,772 DEBUG [restartedMain] c.c.s.d.d.S.selectByExample [BaseJdbcLogger.java : 159] ==> Parameters: false(Boolean)
2019-12-22 12:48:26,808 DEBUG [restartedMain] c.c.s.d.d.S.selectByExample [BaseJdbcLogger.java : 159] <==      Total: 38
2019-12-22 12:48:29,803 INFO [restartedMain] com.csmaxwell.srent.Application [StartupInfoLogger.java : 59] Started Application in 8.058 seconds (JVM running for 8.952)
2019-12-22 12:48:45,469 DEBUG [http-nio-8080-exec-2] c.c.s.d.d.S.selectByExample [BaseJdbcLogger.java : 159] ==>  Preparing: select id, username, `password`, last_login_ip, last_login_time, avatar, add_time, update_time, deleted, role_ids from srent_admin WHERE ( username = ? and deleted = ? ) 
2019-12-22 12:48:45,470 DEBUG [http-nio-8080-exec-2] c.c.s.d.d.S.selectByExample [BaseJdbcLogger.java : 159] ==> Parameters: admin(String), false(Boolean)
2019-12-22 12:48:45,494 DEBUG [http-nio-8080-exec-2] c.c.s.d.d.S.selectByExample [BaseJdbcLogger.java : 159] <==      Total: 1
2019-12-22 12:48:45,589 DEBUG [http-nio-8080-exec-2] c.c.s.d.d.S.updateByPrimaryKeySelective [BaseJdbcLogger.java : 159] ==>  Preparing: update srent_admin SET username = ?, `password` = ?, last_login_ip = ?, last_login_time = ?, avatar = ?, add_time = ?, update_time = ?, deleted = ?, role_ids = ? where id = ? 
2019-12-22 12:48:45,609 DEBUG [http-nio-8080-exec-2] c.c.s.d.d.S.updateByPrimaryKeySelective [BaseJdbcLogger.java : 159] ==> Parameters: admin(String), $2a$10$yOPex7/ajSzk1UGuMSUmNOXkXps6wm2n6Shd5nU7o9ZI366u432zC(String), 0:0:0:0:0:0:0:1(String), 2019-12-22 12:48:45.588(Timestamp), http://qiniu.csmaxwell.xyz/g.jpeg(String), 2018-02-01 00:00:00.0(Timestamp), 2019-12-22 12:48:45.588(Timestamp), false(Boolean), [1](String), 1(Integer)
2019-12-22 12:48:45,614 DEBUG [http-nio-8080-exec-2] c.c.s.d.d.S.updateByPrimaryKeySelective [BaseJdbcLogger.java : 159] <==    Updates: 1
2019-12-22 12:48:45,617 DEBUG [http-nio-8080-exec-2] c.c.s.d.d.S.insertSelective [BaseJdbcLogger.java : 159] ==>  Preparing: insert into srent_log ( `admin`, ip, `type`, `action`, `status`, `result`, `comment`, add_time, update_time ) values ( ?, ?, ?, ?, ?, ?, ?, ?, ? ) 
2019-12-22 12:48:45,618 DEBUG [http-nio-8080-exec-2] c.c.s.d.d.S.insertSelective [BaseJdbcLogger.java : 159] ==> Parameters: admin(String), 0:0:0:0:0:0:0:1(String), 1(Integer), 登录(String), true(Boolean), (String), (String), 2019-12-22 12:48:45.615(Timestamp), 2019-12-22 12:48:45.615(Timestamp)
2019-12-22 12:48:45,622 DEBUG [http-nio-8080-exec-2] c.c.s.d.d.S.insertSelective [BaseJdbcLogger.java : 159] <==    Updates: 1
2019-12-22 12:48:45,623 DEBUG [http-nio-8080-exec-2] c.c.s.d.d.S.insertSelective!selectKey [BaseJdbcLogger.java : 159] ==>  Preparing: SELECT LAST_INSERT_ID() 
2019-12-22 12:48:45,624 DEBUG [http-nio-8080-exec-2] c.c.s.d.d.S.insertSelective!selectKey [BaseJdbcLogger.java : 159] ==> Parameters: 
2019-12-22 12:48:45,625 DEBUG [http-nio-8080-exec-2] c.c.s.d.d.S.insertSelective!selectKey [BaseJdbcLogger.java : 159] <==      Total: 1
2019-12-22 12:48:45,824 DEBUG [http-nio-8080-exec-4] c.c.s.d.d.S.selectByExample [BaseJdbcLogger.java : 159] ==>  Preparing: select id, `name`, `desc`, enabled, add_time, update_time, deleted from srent_role WHERE ( id in ( ? ) and enabled = ? and deleted = ? ) 
2019-12-22 12:48:45,824 DEBUG [http-nio-8080-exec-4] c.c.s.d.d.S.selectByExample [BaseJdbcLogger.java : 159] ==> Parameters: 1(Integer), true(Boolean), false(Boolean)
2019-12-22 12:48:45,830 DEBUG [http-nio-8080-exec-4] c.c.s.d.d.S.selectByExample [BaseJdbcLogger.java : 159] <==      Total: 1
2019-12-22 12:48:45,835 DEBUG [http-nio-8080-exec-4] c.c.s.d.d.S.selectByExample [BaseJdbcLogger.java : 159] ==>  Preparing: select id, role_id, permission, add_time, update_time, deleted from srent_permission WHERE ( role_id in ( ? ) and deleted = ? ) 
2019-12-22 12:48:45,836 DEBUG [http-nio-8080-exec-4] c.c.s.d.d.S.selectByExample [BaseJdbcLogger.java : 159] ==> Parameters: 1(Integer), false(Boolean)
2019-12-22 12:48:45,838 DEBUG [http-nio-8080-exec-4] c.c.s.d.d.S.selectByExample [BaseJdbcLogger.java : 159] <==      Total: 1
2019-12-22 12:48:45,951 DEBUG [http-nio-8080-exec-6] c.c.s.d.d.S.countByExample [BaseJdbcLogger.java : 159] ==>  Preparing: select count(*) from srent_user WHERE ( deleted = ? ) 
2019-12-22 12:48:45,952 DEBUG [http-nio-8080-exec-6] c.c.s.d.d.S.countByExample [BaseJdbcLogger.java : 159] ==> Parameters: false(Boolean)
2019-12-22 12:48:45,956 DEBUG [http-nio-8080-exec-6] c.c.s.d.d.S.countByExample [BaseJdbcLogger.java : 159] <==      Total: 1
2019-12-22 12:48:45,962 DEBUG [http-nio-8080-exec-6] c.c.s.d.d.S.countByExample [BaseJdbcLogger.java : 159] ==>  Preparing: select count(*) from srent_goods WHERE ( deleted = ? ) 
2019-12-22 12:48:45,962 DEBUG [http-nio-8080-exec-6] c.c.s.d.d.S.countByExample [BaseJdbcLogger.java : 159] ==> Parameters: false(Boolean)
2019-12-22 12:48:45,966 DEBUG [http-nio-8080-exec-6] c.c.s.d.d.S.countByExample [BaseJdbcLogger.java : 159] <==      Total: 1
2019-12-22 12:48:45,970 DEBUG [http-nio-8080-exec-6] c.c.s.d.d.S.countByExample [BaseJdbcLogger.java : 159] ==>  Preparing: select count(*) from srent_category WHERE ( deleted = ? ) 
2019-12-22 12:48:45,971 DEBUG [http-nio-8080-exec-6] c.c.s.d.d.S.countByExample [BaseJdbcLogger.java : 159] ==> Parameters: false(Boolean)
2019-12-22 12:48:45,973 DEBUG [http-nio-8080-exec-6] c.c.s.d.d.S.countByExample [BaseJdbcLogger.java : 159] <==      Total: 1
2019-12-22 12:48:45,980 DEBUG [http-nio-8080-exec-6] c.c.s.d.d.S.countByExample [BaseJdbcLogger.java : 159] ==>  Preparing: select count(*) from srent_order WHERE ( deleted = ? ) 
2019-12-22 12:48:45,980 DEBUG [http-nio-8080-exec-6] c.c.s.d.d.S.countByExample [BaseJdbcLogger.java : 159] ==> Parameters: false(Boolean)
2019-12-22 12:48:45,983 DEBUG [http-nio-8080-exec-6] c.c.s.d.d.S.countByExample [BaseJdbcLogger.java : 159] <==      Total: 1
2019-12-22 14:17:59,898 INFO [restartedMain] com.csmaxwell.srent.Application [StartupInfoLogger.java : 50] Starting Application on maxwelldeMacBook-Pro.local with PID 968 (/Users/maxwell/IdeaProjects/srent/srent-all/target/classes started by maxwell in /Users/maxwell/IdeaProjects/srent)
2019-12-22 14:17:59,899 DEBUG [restartedMain] com.csmaxwell.srent.Application [StartupInfoLogger.java : 53] Running with Spring Boot v2.0.4.RELEASE, Spring v5.0.8.RELEASE
2019-12-22 14:17:59,900 INFO [restartedMain] com.csmaxwell.srent.Application [SpringApplication.java : 666] The following profiles are active: db,core,admin,wx
2019-12-22 14:18:03,728 DEBUG [restartedMain] c.c.s.d.d.S.selectByExample [BaseJdbcLogger.java : 159] ==>  Preparing: select id, key_name, key_value, add_time, update_time, deleted from srent_system WHERE ( deleted = ? ) 
2019-12-22 14:18:03,752 DEBUG [restartedMain] c.c.s.d.d.S.selectByExample [BaseJdbcLogger.java : 159] ==> Parameters: false(Boolean)
2019-12-22 14:18:03,787 DEBUG [restartedMain] c.c.s.d.d.S.selectByExample [BaseJdbcLogger.java : 159] <==      Total: 38
2019-12-22 14:18:06,441 INFO [restartedMain] com.csmaxwell.srent.Application [StartupInfoLogger.java : 59] Started Application in 7.12 seconds (JVM running for 7.868)
